"../../../Engine/Content/EditorResources/S_Actor.ubulk" 0
"../../../Engine/Content/EditorResources/S_Actor.uasset" 1
"../../../Engine/Content/EditorResources/S_Actor.uexp" 2
"../../../Engine/Content/EditorResources/S_BoxReflectionCapture.uasset" 3
"../../../Engine/Content/EditorResources/S_BoxReflectionCapture.uexp" 4
"../../../Engine/Content/EngineResources/DefaultTexture.ubulk" 5
"../../../Engine/Content/EngineResources/DefaultTexture.uasset" 6
"../../../Engine/Content/EngineResources/DefaultTexture.uexp" 7
"../../../Engine/Content/EngineResources/DefaultTextureCube.uasset" 8
"../../../Engine/Content/EngineResources/DefaultTextureCube.uexp" 9
"../../../Engine/Content/EngineResources/DefaultVolumeTexture2D.uasset" 10
"../../../Engine/Content/EngineResources/DefaultVolumeTexture2D.uexp" 11
"../../../Engine/Content/EngineResources/DefaultVolumeTexture.uasset" 12
"../../../Engine/Content/EngineResources/DefaultVolumeTexture.uexp" 13
"../../../Engine/Content/EditorResources/S_Trigger.ubulk" 14
"../../../Engine/Content/EditorResources/S_Trigger.uasset" 15
"../../../Engine/Content/EditorResources/S_Trigger.uexp" 16
"../../../Engine/Content/EditorResources/S_TriggerBox.uasset" 17
"../../../Engine/Content/EditorResources/S_TriggerBox.uexp" 18
"../../../Engine/Content/EditorResources/S_TriggerCapsule.uasset" 19
"../../../Engine/Content/EditorResources/S_TriggerCapsule.uexp" 20
"../../../Engine/Content/EditorResources/S_TriggerSphere.uasset" 21
"../../../Engine/Content/EditorResources/S_TriggerSphere.uexp" 22
"../../../Engine/Content/EngineMeshes/Sphere.ubulk" 23
"../../../Engine/Content/EngineMeshes/Sphere.uasset" 24
"../../../Engine/Content/EngineMeshes/Sphere.uexp" 25
"../../../Engine/Content/EngineResources/GradientTexture0.uasset" 26
"../../../Engine/Content/EngineResources/GradientTexture0.uexp" 27
"../../../Engine/Content/EngineResources/Black.uasset" 28
"../../../Engine/Content/EngineResources/Black.uexp" 29
"../../../Engine/Content/VREditor/LaserPointer/VR_LaserPower_01.ubulk" 30
"../../../Engine/Content/VREditor/LaserPointer/VR_LaserPower_01.uasset" 31
"../../../Engine/Content/VREditor/LaserPointer/VR_LaserPower_01.uexp" 32
"../../../Engine/Content/VREditor/TransformGizmo/TransformGizmoMaterial.uasset" 33
"../../../Engine/Content/VREditor/TransformGizmo/TransformGizmoMaterial.uexp" 34
"../../../Engine/Content/VREditor/TransformGizmo/TranslucentTransformGizmoMaterial.uasset" 35
"../../../Engine/Content/VREditor/TransformGizmo/TranslucentTransformGizmoMaterial.uexp" 36
"../../../Engine/Content/VREditor/TransformGizmo/BoundingBoxCorner.ubulk" 37
"../../../Engine/Content/VREditor/TransformGizmo/BoundingBoxCorner.uasset" 38
"../../../Engine/Content/VREditor/TransformGizmo/BoundingBoxCorner.uexp" 39
"../../../Engine/Content/VREditor/TransformGizmo/BoundingBoxEdge.ubulk" 40
"../../../Engine/Content/VREditor/TransformGizmo/BoundingBoxEdge.uasset" 41
"../../../Engine/Content/VREditor/TransformGizmo/BoundingBoxEdge.uexp" 42
"../../../Engine/Content/VREditor/TransformGizmo/Main.uasset" 43
"../../../Engine/Content/VREditor/TransformGizmo/Main.uexp" 44
"../../../Engine/Content/VREditor/TransformGizmo/Xray.uasset" 45
"../../../Engine/Content/VREditor/TransformGizmo/Xray.uexp" 46
"../../../Engine/Content/VREditor/TransformGizmo/SM_Sequencer_Node.ubulk" 47
"../../../Engine/Content/VREditor/TransformGizmo/SM_Sequencer_Node.uasset" 48
"../../../Engine/Content/VREditor/TransformGizmo/SM_Sequencer_Node.uexp" 49
"../../../Engine/Content/EditorResources/S_Solver.ubulk" 50
"../../../Engine/Content/EditorResources/S_Solver.uasset" 51
"../../../Engine/Content/EditorResources/S_Solver.uexp" 52
"../../../Engine/Content/EditorMaterials/Camera/CineMat.uasset" 53
"../../../Engine/Content/EditorMaterials/Camera/CineMat.uexp" 54
"../../../Engine/Content/EditorMaterials/Camera/MI_CineMat_Rig.uasset" 55
"../../../Engine/Content/EditorMaterials/Camera/MI_CineMat_Rig.uexp" 56
"../../../Engine/Content/EditorMeshes/Camera/SM_CraneRig_Base.ubulk" 57
"../../../Engine/Content/EditorMeshes/Camera/SM_CraneRig_Base.uasset" 58
"../../../Engine/Content/EditorMeshes/Camera/SM_CraneRig_Base.uexp" 59
"../../../Engine/Content/EditorMeshes/Camera/SM_CraneRig_Arm.ubulk" 60
"../../../Engine/Content/EditorMeshes/Camera/SM_CraneRig_Arm.uasset" 61
"../../../Engine/Content/EditorMeshes/Camera/SM_CraneRig_Arm.uexp" 62
"../../../Engine/Content/EditorMeshes/Camera/SM_CraneRig_Mount.ubulk" 63
"../../../Engine/Content/EditorMeshes/Camera/SM_CraneRig_Mount.uasset" 64
"../../../Engine/Content/EditorMeshes/Camera/SM_CraneRig_Mount.uexp" 65
"../../../Engine/Content/EditorMeshes/Camera/SM_CraneRig_Body.ubulk" 66
"../../../Engine/Content/EditorMeshes/Camera/SM_CraneRig_Body.uasset" 67
"../../../Engine/Content/EditorMeshes/Camera/SM_CraneRig_Body.uexp" 68
"../../../Engine/Content/EditorMeshes/Camera/SM_RailRig_Track.ubulk" 69
"../../../Engine/Content/EditorMeshes/Camera/SM_RailRig_Track.uasset" 70
"../../../Engine/Content/EditorMeshes/Camera/SM_RailRig_Track.uexp" 71
"../../../Engine/Content/EditorMeshes/Camera/SM_RailRig_Mount.ubulk" 72
"../../../Engine/Content/EditorMeshes/Camera/SM_RailRig_Mount.uasset" 73
"../../../Engine/Content/EditorMeshes/Camera/SM_RailRig_Mount.uexp" 74
"../../../Engine/Content/EngineMaterials/T_Default_Material_Grid_M.ubulk" 75
"../../../Engine/Content/EngineMaterials/T_Default_Material_Grid_M.uasset" 76
"../../../Engine/Content/EngineMaterials/T_Default_Material_Grid_M.uexp" 77
"../../../Engine/Content/EngineMaterials/T_Default_Material_Grid_N.ubulk" 78
"../../../Engine/Content/EngineMaterials/T_Default_Material_Grid_N.uasset" 79
"../../../Engine/Content/EngineMaterials/T_Default_Material_Grid_N.uexp" 80
"../../../Engine/Content/Functions/Engine_MaterialFunctions01/Opacity/CameraDepthFade.uasset" 81
"../../../Engine/Content/Functions/Engine_MaterialFunctions01/Opacity/CameraDepthFade.uexp" 82
"../../../Engine/Content/EngineMaterials/WorldGridMaterial.uasset" 83
"../../../Engine/Content/EngineMaterials/WorldGridMaterial.uexp" 84
"../../../Engine/Content/ArtTools/RenderToTexture/Meshes/S_1_Unit_Plane.ubulk" 85
"../../../Engine/Content/ArtTools/RenderToTexture/Meshes/S_1_Unit_Plane.uasset" 86
"../../../Engine/Content/ArtTools/RenderToTexture/Meshes/S_1_Unit_Plane.uexp" 87
"../../../Engine/Content/EditorMaterials/ParticleSystems/PSysThumbnail_NoImage.ubulk" 88
"../../../Engine/Content/EditorMaterials/ParticleSystems/PSysThumbnail_NoImage.uasset" 89
"../../../Engine/Content/EditorMaterials/ParticleSystems/PSysThumbnail_NoImage.uexp" 90
"../../../Engine/Content/EditorMaterials/ParticleSystems/PSysThumbnail_OOD.ubulk" 91
"../../../Engine/Content/EditorMaterials/ParticleSystems/PSysThumbnail_OOD.uasset" 92
"../../../Engine/Content/EditorMaterials/ParticleSystems/PSysThumbnail_OOD.uexp" 93
"../../../Engine/Content/EditorLandscapeResources/SplineEditorMeshMat.uasset" 94
"../../../Engine/Content/EditorLandscapeResources/SplineEditorMeshMat.uexp" 95
"../../../Engine/Content/EditorLandscapeResources/SplineEditorMesh.ubulk" 96
"../../../Engine/Content/EditorLandscapeResources/SplineEditorMesh.uasset" 97
"../../../Engine/Content/EditorLandscapeResources/SplineEditorMesh.uexp" 98
"../../../Engine/Plugins/Media/MediaPlate/Content/SM_MediaPlateScreen.ubulk" 99
"../../../Engine/Plugins/Media/MediaPlate/Content/SM_MediaPlateScreen.uasset" 100
"../../../Engine/Plugins/Media/MediaPlate/Content/SM_MediaPlateScreen.uexp" 101
"../../../Engine/Content/EngineMaterials/DefaultBokeh.uasset" 102
"../../../Engine/Content/EngineMaterials/DefaultBokeh.uexp" 103
"../../../Engine/Content/EngineMaterials/MiniFont.uasset" 104
"../../../Engine/Content/EngineMaterials/MiniFont.uexp" 105
"../../../Engine/Content/EngineMaterials/WeightMapPlaceholderTexture.uasset" 106
"../../../Engine/Content/EngineMaterials/WeightMapPlaceholderTexture.uexp" 107
"../../../Engine/Content/EngineMaterials/WeightMapArrayPlaceholderTexture.uasset" 108
"../../../Engine/Content/EngineMaterials/WeightMapArrayPlaceholderTexture.uexp" 109
"../../../Engine/Content/EngineMaterials/DefaultWhiteGrid.ubulk" 110
"../../../Engine/Content/EngineMaterials/DefaultWhiteGrid.uasset" 111
"../../../Engine/Content/EngineMaterials/DefaultWhiteGrid.uexp" 112
"../../../Engine/Content/EngineMaterials/PreintegratedSkinBRDF.uasset" 113
"../../../Engine/Content/EngineMaterials/PreintegratedSkinBRDF.uexp" 114
"../../../Engine/Content/Functions/Engine_MaterialFunctions02/WorldPositionOffset/CameraOffset.uasset" 115
"../../../Engine/Content/Functions/Engine_MaterialFunctions02/WorldPositionOffset/CameraOffset.uexp" 116
"../../../Engine/Plugins/Animation/ControlRig/Content/M_Manip.uasset" 117
"../../../Engine/Plugins/Animation/ControlRig/Content/M_Manip.uexp" 118
"../../../Engine/Plugins/Animation/ACLPlugin/Content/ACLAnimCurveCompressionSettings.uasset" 119
"../../../Engine/Plugins/Animation/ACLPlugin/Content/ACLAnimCurveCompressionSettings.uexp" 120
"../../../Engine/Plugins/Animation/ACLPlugin/Content/ACLAnimBoneCompressionSettings.uasset" 121
"../../../Engine/Plugins/Animation/ACLPlugin/Content/ACLAnimBoneCompressionSettings.uexp" 122
"../../../Engine/Plugins/2D/Paper2D/Content/PlaceholderTextures/DummySpriteTexture.ubulk" 123
"../../../Engine/Plugins/2D/Paper2D/Content/PlaceholderTextures/DummySpriteTexture.uasset" 124
"../../../Engine/Plugins/2D/Paper2D/Content/PlaceholderTextures/DummySpriteTexture.uexp" 125
"../../../Engine/Plugins/2D/Paper2D/Content/DefaultSpriteMaterial.uasset" 126
"../../../Engine/Plugins/2D/Paper2D/Content/DefaultSpriteMaterial.uexp" 127
"../../../Engine/Plugins/2D/Paper2D/Content/OpaqueUnlitSpriteMaterial.uasset" 128
"../../../Engine/Plugins/2D/Paper2D/Content/OpaqueUnlitSpriteMaterial.uexp" 129
"../../../Engine/Plugins/2D/Paper2D/Content/MaskedUnlitSpriteMaterial.uasset" 130
"../../../Engine/Plugins/2D/Paper2D/Content/MaskedUnlitSpriteMaterial.uexp" 131
"../../../Engine/Plugins/2D/Paper2D/Content/DummySprite.uasset" 132
"../../../Engine/Plugins/2D/Paper2D/Content/DummySprite.uexp" 133
"../../../Engine/Plugins/2D/Paper2D/Content/DefaultPaperTerrainMaterial.uasset" 134
"../../../Engine/Plugins/2D/Paper2D/Content/DefaultPaperTerrainMaterial.uexp" 135
"../../../Engine/Plugins/Runtime/MeshModelingToolset/Content/Materials/M_DynamicMeshComponentVtxColor.uasset" 136
"../../../Engine/Plugins/Runtime/MeshModelingToolset/Content/Materials/M_DynamicMeshComponentVtxColor.uexp" 137
"../../../Engine/Plugins/Interchange/Runtime/Content/Pipelines/DefaultTexturePipeline.uasset" 138
"../../../Engine/Plugins/Interchange/Runtime/Content/Pipelines/DefaultTexturePipeline.uexp" 139
"../../../Engine/Plugins/Interchange/Runtime/Content/Pipelines/DefaultSceneLevelPipeline.uasset" 140
"../../../Engine/Plugins/Interchange/Runtime/Content/Pipelines/DefaultSceneLevelPipeline.uexp" 141
"../../../Engine/Plugins/Interchange/Runtime/Content/Pipelines/DefaultSceneAssetsPipeline.uasset" 142
"../../../Engine/Plugins/Interchange/Runtime/Content/Pipelines/DefaultSceneAssetsPipeline.uexp" 143
"../../../Engine/Plugins/Interchange/Runtime/Content/Pipelines/DefaultMaterialXPipeline.uasset" 144
"../../../Engine/Plugins/Interchange/Runtime/Content/Pipelines/DefaultMaterialXPipeline.uexp" 145
"../../../Engine/Plugins/Interchange/Runtime/Content/Pipelines/DefaultMaterialPipeline.uasset" 146
"../../../Engine/Plugins/Interchange/Runtime/Content/Pipelines/DefaultMaterialPipeline.uexp" 147
"../../../Engine/Plugins/Interchange/Runtime/Content/Pipelines/DefaultGLTFSceneAssetsPipeline.uasset" 148
"../../../Engine/Plugins/Interchange/Runtime/Content/Pipelines/DefaultGLTFSceneAssetsPipeline.uexp" 149
"../../../Engine/Plugins/Interchange/Runtime/Content/Pipelines/DefaultGLTFPipeline.uasset" 150
"../../../Engine/Plugins/Interchange/Runtime/Content/Pipelines/DefaultGLTFPipeline.uexp" 151
"../../../Engine/Plugins/Interchange/Runtime/Content/Pipelines/DefaultGLTFAssetsPipeline.uasset" 152
"../../../Engine/Plugins/Interchange/Runtime/Content/Pipelines/DefaultGLTFAssetsPipeline.uexp" 153
"../../../Engine/Plugins/Interchange/Runtime/Content/Pipelines/DefaultAssetsPipeline.uasset" 154
"../../../Engine/Plugins/Interchange/Runtime/Content/Pipelines/DefaultAssetsPipeline.uexp" 155
"../../../Engine/Plugins/Interchange/Runtime/Content/Functions/MX_UsdPreviewSurface.uasset" 156
"../../../Engine/Plugins/Interchange/Runtime/Content/Functions/MX_UsdPreviewSurface.uexp" 157
"../../../Engine/Plugins/Interchange/Runtime/Content/Functions/MX_UniformEDF.uasset" 158
"../../../Engine/Plugins/Interchange/Runtime/Content/Functions/MX_UniformEDF.uexp" 159
"../../../Engine/Plugins/Interchange/Runtime/Content/Functions/MX_TranslucentBSDF.uasset" 160
"../../../Engine/Plugins/Interchange/Runtime/Content/Functions/MX_TranslucentBSDF.uexp" 161
"../../../Engine/Plugins/Interchange/Runtime/Content/Functions/MX_ThinFilmBSDF.uasset" 162
"../../../Engine/Plugins/Interchange/Runtime/Content/Functions/MX_ThinFilmBSDF.uexp" 163
"../../../Engine/Plugins/Interchange/Runtime/Content/Functions/MX_SurfaceUnlit.uasset" 164
"../../../Engine/Plugins/Interchange/Runtime/Content/Functions/MX_SurfaceUnlit.uexp" 165
"../../../Engine/Plugins/Interchange/Runtime/Content/Functions/MX_Surface.uasset" 166
"../../../Engine/Plugins/Interchange/Runtime/Content/Functions/MX_Surface.uexp" 167
"../../../Engine/Plugins/Interchange/Runtime/Content/Functions/MX_SubsurfaceBSDF.uasset" 168
"../../../Engine/Plugins/Interchange/Runtime/Content/Functions/MX_SubsurfaceBSDF.uexp" 169
"../../../Engine/Plugins/Interchange/Runtime/Content/Functions/MX_SheenBSDF.uasset" 170
"../../../Engine/Plugins/Interchange/Runtime/Content/Functions/MX_SheenBSDF.uexp" 171
"../../../Engine/Plugins/Interchange/Runtime/Content/Functions/MX_OrenNayarBSDF.uasset" 172
"../../../Engine/Plugins/Interchange/Runtime/Content/Functions/MX_OrenNayarBSDF.uexp" 173
"../../../Engine/Content/Functions/Engine_MaterialFunctions02/Utility/CameraDirectionVector.uasset" 174
"../../../Engine/Content/Functions/Engine_MaterialFunctions02/Utility/CameraDirectionVector.uexp" 175
"../../../Engine/Content/Functions/Engine_MaterialFunctions01/Volumetrics/BeersLaw.uasset" 176
"../../../Engine/Content/Functions/Engine_MaterialFunctions01/Volumetrics/BeersLaw.uexp" 177
"../../../Engine/Content/EngineMaterials/Good64x64TilingNoiseHighFreq.uasset" 178
"../../../Engine/Content/EngineMaterials/Good64x64TilingNoiseHighFreq.uexp" 179
"../../../Engine/Content/Functions/Engine_MaterialFunctions02/Texturing/ScreenAlignedPixelToPixelUVs.uasset" 180
"../../../Engine/Content/Functions/Engine_MaterialFunctions02/Texturing/ScreenAlignedPixelToPixelUVs.uexp" 181
"../../../Engine/Plugins/Interchange/Runtime/Content/gltf/MaterialFunctions/MF_Temporal_Blur.uasset" 182
"../../../Engine/Plugins/Interchange/Runtime/Content/gltf/MaterialFunctions/MF_Temporal_Blur.uexp" 183
"../../../Engine/Plugins/Interchange/Runtime/Content/gltf/MaterialFunctions/MF_Fresnel_DS.uasset" 184
"../../../Engine/Plugins/Interchange/Runtime/Content/gltf/MaterialFunctions/MF_Fresnel_DS.uexp" 185
"../../../Engine/Content/Functions/Engine_MaterialFunctions02/Utility/BreakOutFloat3Components.uasset" 186
"../../../Engine/Content/Functions/Engine_MaterialFunctions02/Utility/BreakOutFloat3Components.uexp" 187
"../../../Engine/Plugins/Interchange/Runtime/Content/Functions/MX_Transmission.uasset" 188
"../../../Engine/Plugins/Interchange/Runtime/Content/Functions/MX_Transmission.uexp" 189
"../../../Engine/Plugins/Interchange/Runtime/Content/Functions/MF_OrenNayerView.uasset" 190
"../../../Engine/Plugins/Interchange/Runtime/Content/Functions/MF_OrenNayerView.uexp" 191
"../../../Engine/Plugins/Interchange/Runtime/Content/Functions/MF_SchlickApprox.uasset" 192
"../../../Engine/Plugins/Interchange/Runtime/Content/Functions/MF_SchlickApprox.uexp" 193
"../../../Engine/Plugins/Interchange/Runtime/Content/Utilities/New_LUT.uasset" 194
"../../../Engine/Plugins/Interchange/Runtime/Content/Utilities/New_LUT.uexp" 195
"../../../Engine/Content/Functions/Engine_MaterialFunctions03/Math/RemapValueRange.uasset" 196
"../../../Engine/Content/Functions/Engine_MaterialFunctions03/Math/RemapValueRange.uexp" 197
"../../../Engine/Plugins/Interchange/Runtime/Content/Functions/MF_Iridescence.uasset" 198
"../../../Engine/Plugins/Interchange/Runtime/Content/Functions/MF_Iridescence.uexp" 199
"../../../Engine/Plugins/Interchange/Runtime/Content/Functions/MX_StandardSurface.uasset" 200
"../../../Engine/Plugins/Interchange/Runtime/Content/Functions/MX_StandardSurface.uexp" 201
"../../../Engine/Plugins/Interchange/Runtime/Content/Functions/MX_TransmissionSurface.uasset" 202
"../../../Engine/Plugins/Interchange/Runtime/Content/Functions/MX_TransmissionSurface.uexp" 203
"../../../Engine/Plugins/Interchange/Runtime/Content/Functions/MX_OpenPBR_Translucent.uasset" 204
"../../../Engine/Plugins/Interchange/Runtime/Content/Functions/MX_OpenPBR_Translucent.uexp" 205
"../../../Engine/Plugins/Interchange/Runtime/Content/Functions/MX_OpenPBR_Opaque.uasset" 206
"../../../Engine/Plugins/Interchange/Runtime/Content/Functions/MX_OpenPBR_Opaque.uexp" 207
"../../../Engine/Plugins/Interchange/Runtime/Content/Functions/MX_MeasuredEDF.uasset" 208
"../../../Engine/Plugins/Interchange/Runtime/Content/Functions/MX_MeasuredEDF.uexp" 209
"../../../Engine/Plugins/Interchange/Runtime/Content/Functions/MX_GeneralizedSchlickBSDF.uasset" 210
"../../../Engine/Plugins/Interchange/Runtime/Content/Functions/MX_GeneralizedSchlickBSDF.uexp" 211
"../../../Engine/Plugins/Interchange/Runtime/Content/Functions/MX_DielectricBSDF.uasset" 212
"../../../Engine/Plugins/Interchange/Runtime/Content/Functions/MX_DielectricBSDF.uexp" 213
"../../../Engine/Plugins/Interchange/Runtime/Content/Functions/MX_ConicalEDF.uasset" 214
"../../../Engine/Plugins/Interchange/Runtime/Content/Functions/MX_ConicalEDF.uexp" 215
"../../../Engine/Plugins/Interchange/Runtime/Content/Functions/MX_ConductorBSDF.uasset" 216
"../../../Engine/Plugins/Interchange/Runtime/Content/Functions/MX_ConductorBSDF.uexp" 217
"../../../Engine/Plugins/Interchange/Runtime/Content/Functions/MX_BurleyDiffuseBSDF.uasset" 218
"../../../Engine/Plugins/Interchange/Runtime/Content/Functions/MX_BurleyDiffuseBSDF.uexp" 219
"../../../Engine/Plugins/Interchange/Runtime/Content/Functions/MX_AnisotropicVDF.uasset" 220
"../../../Engine/Plugins/Interchange/Runtime/Content/Functions/MX_AnisotropicVDF.uexp" 221
"../../../Engine/Plugins/Interchange/Runtime/Content/Functions/MX_AbsorptionVDF.uasset" 222
"../../../Engine/Plugins/Interchange/Runtime/Content/Functions/MX_AbsorptionVDF.uexp" 223
"../../../Engine/Plugins/Editor/SpeedTreeImporter/Content/SpeedTree9/game_wind_noise.ubulk" 224
"../../../Engine/Plugins/Editor/SpeedTreeImporter/Content/SpeedTree9/game_wind_noise.uasset" 225
"../../../Engine/Plugins/Editor/SpeedTreeImporter/Content/SpeedTree9/game_wind_noise.uexp" 226
"../../../Engine/Plugins/Editor/SpeedTreeImporter/Content/SpeedTree9/UnpackDirection.uasset" 227
"../../../Engine/Plugins/Editor/SpeedTreeImporter/Content/SpeedTree9/UnpackDirection.uexp" 228
"../../../Engine/Content/Functions/Engine_MaterialFunctions02/ObjectLocalBounds.uasset" 229
"../../../Engine/Content/Functions/Engine_MaterialFunctions02/ObjectLocalBounds.uexp" 230
"../../../Engine/Content/Functions/Engine_MaterialFunctions02/UVs/BoundingBoxBased_0-1_UVW.uasset" 231
"../../../Engine/Content/Functions/Engine_MaterialFunctions02/UVs/BoundingBoxBased_0-1_UVW.uexp" 232
"../../../Engine/Content/Functions/Engine_MaterialFunctions02/Utility/VectorLength.uasset" 233
"../../../Engine/Content/Functions/Engine_MaterialFunctions02/Utility/VectorLength.uexp" 234
"../../../Engine/Plugins/Editor/SpeedTreeImporter/Content/SpeedTree9/UnpackInteger3.uasset" 235
"../../../Engine/Plugins/Editor/SpeedTreeImporter/Content/SpeedTree9/UnpackInteger3.uexp" 236
"../../../Engine/Plugins/Editor/SpeedTreeImporter/Content/SpeedTree9/SpeedTreeCameraFacing.uasset" 237
"../../../Engine/Plugins/Editor/SpeedTreeImporter/Content/SpeedTree9/SpeedTreeCameraFacing.uexp" 238
"../../../Engine/Content/Functions/Engine_MaterialFunctions02/WorldPositionOffset/ObjectScale.uasset" 239
"../../../Engine/Content/Functions/Engine_MaterialFunctions02/WorldPositionOffset/ObjectScale.uexp" 240
"../../../Engine/Content/Functions/Engine_MaterialFunctions02/SafeNormalize.uasset" 241
"../../../Engine/Content/Functions/Engine_MaterialFunctions02/SafeNormalize.uexp" 242
"../../../Engine/Plugins/Editor/SpeedTreeImporter/Content/SpeedTree9/SpeedTreeWindMotion.uasset" 243
"../../../Engine/Plugins/Editor/SpeedTreeImporter/Content/SpeedTree9/SpeedTreeWindMotion.uexp" 244
"../../../Engine/Plugins/Editor/SpeedTreeImporter/Content/SpeedTree9/SpeedTreeBranchMotion.uasset" 245
"../../../Engine/Plugins/Editor/SpeedTreeImporter/Content/SpeedTree9/SpeedTreeBranchMotion.uexp" 246
"../../../Engine/Plugins/Editor/SpeedTreeImporter/Content/SpeedTree9/SpeedTreeWind.uasset" 247
"../../../Engine/Plugins/Editor/SpeedTreeImporter/Content/SpeedTree9/SpeedTreeWind.uexp" 248
"../../../Engine/Plugins/Editor/SpeedTreeImporter/Content/SpeedTree9/EmptyNormal.uasset" 249
"../../../Engine/Plugins/Editor/SpeedTreeImporter/Content/SpeedTree9/EmptyNormal.uexp" 250
"../../../Engine/Plugins/Editor/SpeedTreeImporter/Content/SpeedTree9/Empty.uasset" 251
"../../../Engine/Plugins/Editor/SpeedTreeImporter/Content/SpeedTree9/Empty.uexp" 252
"../../../Engine/Plugins/Editor/SpeedTreeImporter/Content/SpeedTree9/SpeedTreeMaster.uasset" 253
"../../../Engine/Plugins/Editor/SpeedTreeImporter/Content/SpeedTree9/SpeedTreeMaster.uexp" 254
"../../../Engine/Plugins/Editor/SpeedTreeImporter/Content/SpeedTree9/SpeedTreeBillboard.uasset" 255
"../../../Engine/Plugins/Editor/SpeedTreeImporter/Content/SpeedTree9/SpeedTreeBillboard.uexp" 256
"../../../Engine/Plugins/Editor/SpeedTreeImporter/Content/SpeedTree9/SpeedTreeBillboardMaster.uasset" 257
"../../../Engine/Plugins/Editor/SpeedTreeImporter/Content/SpeedTree9/SpeedTreeBillboardMaster.uexp" 258
"../../../Engine/Plugins/Animation/ControlRig/Content/Controls/DefaultGizmoLibraryNormalized.uasset" 259
"../../../Engine/Plugins/Animation/ControlRig/Content/Controls/DefaultGizmoLibraryNormalized.uexp" 260
"../../../Engine/Plugins/Animation/ControlRig/Content/Controls/ControlRig_Wedge_solid.ubulk" 261
"../../../Engine/Plugins/Animation/ControlRig/Content/Controls/ControlRig_Wedge_solid.uasset" 262
"../../../Engine/Plugins/Animation/ControlRig/Content/Controls/ControlRig_Wedge_solid.uexp" 263
"../../../Engine/Plugins/Animation/ControlRig/Content/Controls/ControlRig_Wedge_3mm.ubulk" 264
"../../../Engine/Plugins/Animation/ControlRig/Content/Controls/ControlRig_Wedge_3mm.uasset" 265
"../../../Engine/Plugins/Animation/ControlRig/Content/Controls/ControlRig_Wedge_3mm.uexp" 266
"../../../Engine/Plugins/Animation/ControlRig/Content/Controls/ControlRig_Wedge_1mm.ubulk" 267
"../../../Engine/Plugins/Animation/ControlRig/Content/Controls/ControlRig_Wedge_1mm.uasset" 268
"../../../Engine/Plugins/Animation/ControlRig/Content/Controls/ControlRig_Wedge_1mm.uexp" 269
"../../../Engine/Plugins/Animation/ControlRig/Content/Controls/ControlRig_Triangle_solid.ubulk" 270
"../../../Engine/Plugins/Animation/ControlRig/Content/Controls/ControlRig_Triangle_solid.uasset" 271
"../../../Engine/Plugins/Animation/ControlRig/Content/Controls/ControlRig_Triangle_solid.uexp" 272
"../../../Engine/Plugins/Animation/ControlRig/Content/Controls/ControlRig_Triangle_3mm.ubulk" 273
"../../../Engine/Plugins/Animation/ControlRig/Content/Controls/ControlRig_Triangle_3mm.uasset" 274
"../../../Engine/Plugins/Animation/ControlRig/Content/Controls/ControlRig_Triangle_3mm.uexp" 275
"../../../Engine/Plugins/Animation/ControlRig/Content/Controls/ControlRig_Triangle_1mm.ubulk" 276
"../../../Engine/Plugins/Animation/ControlRig/Content/Controls/ControlRig_Triangle_1mm.uasset" 277
"../../../Engine/Plugins/Animation/ControlRig/Content/Controls/ControlRig_Triangle_1mm.uexp" 278
"../../../Engine/Plugins/Animation/ControlRig/Content/Controls/ControlRig_Star4_solid.ubulk" 279
"../../../Engine/Plugins/Animation/ControlRig/Content/Controls/ControlRig_Star4_solid.uasset" 280
"../../../Engine/Plugins/Animation/ControlRig/Content/Controls/ControlRig_Star4_solid.uexp" 281
"../../../Engine/Plugins/Animation/ControlRig/Content/Controls/ControlRig_Star4_3mm.ubulk" 282
"../../../Engine/Plugins/Animation/ControlRig/Content/Controls/ControlRig_Star4_3mm.uasset" 283
"../../../Engine/Plugins/Animation/ControlRig/Content/Controls/ControlRig_Star4_3mm.uexp" 284
"../../../Engine/Plugins/Animation/ControlRig/Content/Controls/ControlRig_Star4_1mm.ubulk" 285
"../../../Engine/Plugins/Animation/ControlRig/Content/Controls/ControlRig_Star4_1mm.uasset" 286
"../../../Engine/Plugins/Animation/ControlRig/Content/Controls/ControlRig_Star4_1mm.uexp" 287
"../../../Engine/Plugins/Animation/ControlRig/Content/Controls/ControlRig_Square_solid.ubulk" 288
"../../../Engine/Plugins/Animation/ControlRig/Content/Controls/ControlRig_Square_solid.uasset" 289
"../../../Engine/Plugins/Animation/ControlRig/Content/Controls/ControlRig_Square_solid.uexp" 290
"../../../Engine/Plugins/Animation/ControlRig/Content/Controls/ControlRig_Square_3mm.ubulk" 291
"../../../Engine/Plugins/Animation/ControlRig/Content/Controls/ControlRig_Square_3mm.uasset" 292
"../../../Engine/Plugins/Animation/ControlRig/Content/Controls/ControlRig_Square_3mm.uexp" 293
"../../../Engine/Plugins/Animation/ControlRig/Content/Controls/ControlRig_Square_1mm.ubulk" 294
"../../../Engine/Plugins/Animation/ControlRig/Content/Controls/ControlRig_Square_1mm.uasset" 295
"../../../Engine/Plugins/Animation/ControlRig/Content/Controls/ControlRig_Square_1mm.uexp" 296
"../../../Engine/Plugins/Animation/ControlRig/Content/Controls/ControlRig_Sphere_solid.ubulk" 297
"../../../Engine/Plugins/Animation/ControlRig/Content/Controls/ControlRig_Sphere_solid.uasset" 298
"../../../Engine/Plugins/Animation/ControlRig/Content/Controls/ControlRig_Sphere_solid.uexp" 299
"../../../Engine/Plugins/Animation/ControlRig/Content/Controls/ControlRig_Sphere_3mm.ubulk" 300
"../../../Engine/Plugins/Animation/ControlRig/Content/Controls/ControlRig_Sphere_3mm.uasset" 301
"../../../Engine/Plugins/Animation/ControlRig/Content/Controls/ControlRig_Sphere_3mm.uexp" 302
"../../../Engine/Plugins/Animation/ControlRig/Content/Controls/ControlRig_Sphere_1mm.ubulk" 303
"../../../Engine/Plugins/Animation/ControlRig/Content/Controls/ControlRig_Sphere_1mm.uasset" 304
"../../../Engine/Plugins/Animation/ControlRig/Content/Controls/ControlRig_Sphere_1mm.uexp" 305
"../../../Engine/Plugins/Animation/ControlRig/Content/Controls/ControlRig_RoundedTriangle_solid.ubulk" 306
"../../../Engine/Plugins/Animation/ControlRig/Content/Controls/ControlRig_RoundedTriangle_solid.uasset" 307
"../../../Engine/Plugins/Animation/ControlRig/Content/Controls/ControlRig_RoundedTriangle_solid.uexp" 308
"../../../Engine/Plugins/Animation/ControlRig/Content/Controls/ControlRig_RoundedTriangle_3mm.ubulk" 309
"../../../Engine/Plugins/Animation/ControlRig/Content/Controls/ControlRig_RoundedTriangle_3mm.uasset" 310
"../../../Engine/Plugins/Animation/ControlRig/Content/Controls/ControlRig_RoundedTriangle_3mm.uexp" 311
"../../../Engine/Plugins/Animation/ControlRig/Content/Controls/ControlRig_RoundedTriangle_1mm.ubulk" 312
"../../../Engine/Plugins/Animation/ControlRig/Content/Controls/ControlRig_RoundedTriangle_1mm.uasset" 313
"../../../Engine/Plugins/Animation/ControlRig/Content/Controls/ControlRig_RoundedTriangle_1mm.uexp" 314
"../../../Engine/Plugins/Animation/ControlRig/Content/Controls/ControlRig_RoundedSquare_solid.ubulk" 315
"../../../Engine/Plugins/Animation/ControlRig/Content/Controls/ControlRig_RoundedSquare_solid.uasset" 316
"../../../Engine/Plugins/Animation/ControlRig/Content/Controls/ControlRig_RoundedSquare_solid.uexp" 317
"../../../Engine/Plugins/Animation/ControlRig/Content/Controls/ControlRig_RoundedSquare_3mm.ubulk" 318
"../../../Engine/Plugins/Animation/ControlRig/Content/Controls/ControlRig_RoundedSquare_3mm.uasset" 319
"../../../Engine/Plugins/Animation/ControlRig/Content/Controls/ControlRig_RoundedSquare_3mm.uexp" 320
"../../../Engine/Plugins/Animation/ControlRig/Content/Controls/ControlRig_RoundedSquare_1mm.ubulk" 321
"../../../Engine/Plugins/Animation/ControlRig/Content/Controls/ControlRig_RoundedSquare_1mm.uasset" 322
"../../../Engine/Plugins/Animation/ControlRig/Content/Controls/ControlRig_RoundedSquare_1mm.uexp" 323
"../../../Engine/Plugins/Animation/ControlRig/Content/Controls/ControlRig_QuarterCircle_solid.ubulk" 324
"../../../Engine/Plugins/Animation/ControlRig/Content/Controls/ControlRig_QuarterCircle_solid.uasset" 325
"../../../Engine/Plugins/Animation/ControlRig/Content/Controls/ControlRig_QuarterCircle_solid.uexp" 326
"../../../Engine/Plugins/Animation/ControlRig/Content/Controls/ControlRig_QuarterCircle_3mm.ubulk" 327
"../../../Engine/Plugins/Animation/ControlRig/Content/Controls/ControlRig_QuarterCircle_3mm.uasset" 328
"../../../Engine/Plugins/Animation/ControlRig/Content/Controls/ControlRig_QuarterCircle_3mm.uexp" 329
"../../../Engine/Plugins/Animation/ControlRig/Content/Controls/ControlRig_QuarterCircle_1mm.ubulk" 330
"../../../Engine/Plugins/Animation/ControlRig/Content/Controls/ControlRig_QuarterCircle_1mm.uasset" 331
"../../../Engine/Plugins/Animation/ControlRig/Content/Controls/ControlRig_QuarterCircle_1mm.uexp" 332
"../../../Engine/Plugins/Animation/ControlRig/Content/Controls/ControlRig_Pyramid_solid.ubulk" 333
"../../../Engine/Plugins/Animation/ControlRig/Content/Controls/ControlRig_Pyramid_solid.uasset" 334
"../../../Engine/Plugins/Animation/ControlRig/Content/Controls/ControlRig_Pyramid_solid.uexp" 335
"../../../Engine/Plugins/Animation/ControlRig/Content/Controls/ControlRig_Pyramid_3mm.ubulk" 336
"../../../Engine/Plugins/Animation/ControlRig/Content/Controls/ControlRig_Pyramid_3mm.uasset" 337
"../../../Engine/Plugins/Animation/ControlRig/Content/Controls/ControlRig_Pyramid_3mm.uexp" 338
"../../../Engine/Plugins/Animation/ControlRig/Content/Controls/ControlRig_Pyramid_1mm.ubulk" 339
"../../../Engine/Plugins/Animation/ControlRig/Content/Controls/ControlRig_Pyramid_1mm.uasset" 340
"../../../Engine/Plugins/Animation/ControlRig/Content/Controls/ControlRig_Pyramid_1mm.uexp" 341
"../../../Engine/Plugins/Animation/ControlRig/Content/Controls/ControlRig_Octagon_solid.ubulk" 342
"../../../Engine/Plugins/Animation/ControlRig/Content/Controls/ControlRig_Octagon_solid.uasset" 343
"../../../Engine/Plugins/Animation/ControlRig/Content/Controls/ControlRig_Octagon_solid.uexp" 344
"../../../Engine/Plugins/Animation/ControlRig/Content/Controls/ControlRig_Octagon_3mm.ubulk" 345
"../../../Engine/Plugins/Animation/ControlRig/Content/Controls/ControlRig_Octagon_3mm.uasset" 346
"../../../Engine/Plugins/Animation/ControlRig/Content/Controls/ControlRig_Octagon_3mm.uexp" 347
"../../../Engine/Plugins/Animation/ControlRig/Content/Controls/ControlRig_Octagon_1mm.ubulk" 348
"../../../Engine/Plugins/Animation/ControlRig/Content/Controls/ControlRig_Octagon_1mm.uasset" 349
"../../../Engine/Plugins/Animation/ControlRig/Content/Controls/ControlRig_Octagon_1mm.uexp" 350
"../../../Engine/Plugins/Animation/ControlRig/Content/Controls/ControlRig_Hexagon_solid.ubulk" 351
"../../../Engine/Plugins/Animation/ControlRig/Content/Controls/ControlRig_Hexagon_solid.uasset" 352
"../../../Engine/Plugins/Animation/ControlRig/Content/Controls/ControlRig_Hexagon_solid.uexp" 353
"../../../Engine/Plugins/Animation/ControlRig/Content/Controls/ControlRig_Hexagon_3mm.ubulk" 354
"../../../Engine/Plugins/Animation/ControlRig/Content/Controls/ControlRig_Hexagon_3mm.uasset" 355
"../../../Engine/Plugins/Animation/ControlRig/Content/Controls/ControlRig_Hexagon_3mm.uexp" 356
"../../../Engine/Plugins/Animation/ControlRig/Content/Controls/ControlRig_Hexagon_1mm.ubulk" 357
"../../../Engine/Plugins/Animation/ControlRig/Content/Controls/ControlRig_Hexagon_1mm.uasset" 358
"../../../Engine/Plugins/Animation/ControlRig/Content/Controls/ControlRig_Hexagon_1mm.uexp" 359
"../../../Engine/Plugins/Animation/ControlRig/Content/Controls/ControlRig_HalfCircle_solid.ubulk" 360
"../../../Engine/Plugins/Animation/ControlRig/Content/Controls/ControlRig_HalfCircle_solid.uasset" 361
"../../../Engine/Plugins/Animation/ControlRig/Content/Controls/ControlRig_HalfCircle_solid.uexp" 362
"../../../Engine/Plugins/Animation/ControlRig/Content/Controls/ControlRig_HalfCircle_3mm.ubulk" 363
"../../../Engine/Plugins/Animation/ControlRig/Content/Controls/ControlRig_HalfCircle_3mm.uasset" 364
"../../../Engine/Plugins/Animation/ControlRig/Content/Controls/ControlRig_HalfCircle_3mm.uexp" 365
"../../../Engine/Plugins/Animation/ControlRig/Content/Controls/ControlRig_HalfCircle_1mm.ubulk" 366
"../../../Engine/Plugins/Animation/ControlRig/Content/Controls/ControlRig_HalfCircle_1mm.uasset" 367
"../../../Engine/Plugins/Animation/ControlRig/Content/Controls/ControlRig_HalfCircle_1mm.uexp" 368
"../../../Engine/Plugins/Animation/ControlRig/Content/Controls/ControlRig_Diamond_solid.ubulk" 369
"../../../Engine/Plugins/Animation/ControlRig/Content/Controls/ControlRig_Diamond_solid.uasset" 370
"../../../Engine/Plugins/Animation/ControlRig/Content/Controls/ControlRig_Diamond_solid.uexp" 371
"../../../Engine/Plugins/Animation/ControlRig/Content/Controls/ControlRig_Diamond_3mm.ubulk" 372
"../../../Engine/Plugins/Animation/ControlRig/Content/Controls/ControlRig_Diamond_3mm.uasset" 373
"../../../Engine/Plugins/Animation/ControlRig/Content/Controls/ControlRig_Diamond_3mm.uexp" 374
"../../../Engine/Plugins/Animation/ControlRig/Content/Controls/ControlRig_Diamond_1mm.ubulk" 375
"../../../Engine/Plugins/Animation/ControlRig/Content/Controls/ControlRig_Diamond_1mm.uasset" 376
"../../../Engine/Plugins/Animation/ControlRig/Content/Controls/ControlRig_Diamond_1mm.uexp" 377
"../../../Engine/Plugins/Animation/ControlRig/Content/Controls/ControlRig_Circle_solid.ubulk" 378
"../../../Engine/Plugins/Animation/ControlRig/Content/Controls/ControlRig_Circle_solid.uasset" 379
"../../../Engine/Plugins/Animation/ControlRig/Content/Controls/ControlRig_Circle_solid.uexp" 380
"../../../Engine/Plugins/Animation/ControlRig/Content/Controls/ControlRig_Circle_3mm.ubulk" 381
"../../../Engine/Plugins/Animation/ControlRig/Content/Controls/ControlRig_Circle_3mm.uasset" 382
"../../../Engine/Plugins/Animation/ControlRig/Content/Controls/ControlRig_Circle_3mm.uexp" 383
"../../../Engine/Plugins/Animation/ControlRig/Content/Controls/ControlRig_Circle_1mm.ubulk" 384
"../../../Engine/Plugins/Animation/ControlRig/Content/Controls/ControlRig_Circle_1mm.uasset" 385
"../../../Engine/Plugins/Animation/ControlRig/Content/Controls/ControlRig_Circle_1mm.uexp" 386
"../../../Engine/Plugins/Animation/ControlRig/Content/Controls/ControlRig_Box_solid.ubulk" 387
"../../../Engine/Plugins/Animation/ControlRig/Content/Controls/ControlRig_Box_solid.uasset" 388
"../../../Engine/Plugins/Animation/ControlRig/Content/Controls/ControlRig_Box_solid.uexp" 389
"../../../Engine/Plugins/Animation/ControlRig/Content/Controls/ControlRig_Box_3mm.ubulk" 390
"../../../Engine/Plugins/Animation/ControlRig/Content/Controls/ControlRig_Box_3mm.uasset" 391
"../../../Engine/Plugins/Animation/ControlRig/Content/Controls/ControlRig_Box_3mm.uexp" 392
"../../../Engine/Plugins/Animation/ControlRig/Content/Controls/ControlRig_Box_1mm.ubulk" 393
"../../../Engine/Plugins/Animation/ControlRig/Content/Controls/ControlRig_Box_1mm.uasset" 394
"../../../Engine/Plugins/Animation/ControlRig/Content/Controls/ControlRig_Box_1mm.uexp" 395
"../../../Engine/Plugins/Animation/ControlRig/Content/Controls/ControlRig_Arrow_solid.ubulk" 396
"../../../Engine/Plugins/Animation/ControlRig/Content/Controls/ControlRig_Arrow_solid.uasset" 397
"../../../Engine/Plugins/Animation/ControlRig/Content/Controls/ControlRig_Arrow_solid.uexp" 398
"../../../Engine/Plugins/Animation/ControlRig/Content/Controls/ControlRig_Arrow_3mm.ubulk" 399
"../../../Engine/Plugins/Animation/ControlRig/Content/Controls/ControlRig_Arrow_3mm.uasset" 400
"../../../Engine/Plugins/Animation/ControlRig/Content/Controls/ControlRig_Arrow_3mm.uexp" 401
"../../../Engine/Plugins/Animation/ControlRig/Content/Controls/ControlRig_Arrow_1mm.ubulk" 402
"../../../Engine/Plugins/Animation/ControlRig/Content/Controls/ControlRig_Arrow_1mm.uasset" 403
"../../../Engine/Plugins/Animation/ControlRig/Content/Controls/ControlRig_Arrow_1mm.uexp" 404
"../../../Engine/Plugins/Animation/ControlRig/Content/Controls/ControlRig_Arrow4_solid.ubulk" 405
"../../../Engine/Plugins/Animation/ControlRig/Content/Controls/ControlRig_Arrow4_solid.uasset" 406
"../../../Engine/Plugins/Animation/ControlRig/Content/Controls/ControlRig_Arrow4_solid.uexp" 407
"../../../Engine/Plugins/Animation/ControlRig/Content/Controls/ControlRig_Arrow4_3mm.ubulk" 408
"../../../Engine/Plugins/Animation/ControlRig/Content/Controls/ControlRig_Arrow4_3mm.uasset" 409
"../../../Engine/Plugins/Animation/ControlRig/Content/Controls/ControlRig_Arrow4_3mm.uexp" 410
"../../../Engine/Plugins/Animation/ControlRig/Content/Controls/ControlRig_Arrow4_1mm.ubulk" 411
"../../../Engine/Plugins/Animation/ControlRig/Content/Controls/ControlRig_Arrow4_1mm.uasset" 412
"../../../Engine/Plugins/Animation/ControlRig/Content/Controls/ControlRig_Arrow4_1mm.uexp" 413
"../../../Engine/Plugins/Animation/ControlRig/Content/Controls/ControlRig_Arrow2_solid.ubulk" 414
"../../../Engine/Plugins/Animation/ControlRig/Content/Controls/ControlRig_Arrow2_solid.uasset" 415
"../../../Engine/Plugins/Animation/ControlRig/Content/Controls/ControlRig_Arrow2_solid.uexp" 416
"../../../Engine/Plugins/Animation/ControlRig/Content/Controls/ControlRig_Arrow2_3mm.ubulk" 417
"../../../Engine/Plugins/Animation/ControlRig/Content/Controls/ControlRig_Arrow2_3mm.uasset" 418
"../../../Engine/Plugins/Animation/ControlRig/Content/Controls/ControlRig_Arrow2_3mm.uexp" 419
"../../../Engine/Plugins/Animation/ControlRig/Content/Controls/ControlRig_Arrow2_1mm.ubulk" 420
"../../../Engine/Plugins/Animation/ControlRig/Content/Controls/ControlRig_Arrow2_1mm.uasset" 421
"../../../Engine/Plugins/Animation/ControlRig/Content/Controls/ControlRig_Arrow2_1mm.uexp" 422
"../../../Engine/Plugins/Animation/ControlRig/Content/Controls/ControlRigXRayMaterial.uasset" 423
"../../../Engine/Plugins/Animation/ControlRig/Content/Controls/ControlRigXRayMaterial.uexp" 424
"../../../Engine/Plugins/Animation/ControlRig/Content/Controls/ControlRigGizmoMaterial.uasset" 425
"../../../Engine/Plugins/Animation/ControlRig/Content/Controls/ControlRigGizmoMaterial.uexp" 426
"../../../Engine/Content/VREditor/TransformGizmo/StartRotationHandleIndicator.ubulk" 427
"../../../Engine/Content/VREditor/TransformGizmo/StartRotationHandleIndicator.uasset" 428
"../../../Engine/Content/VREditor/TransformGizmo/StartRotationHandleIndicator.uexp" 429
"../../../Engine/Content/VREditor/Sounds/UI/Drop_Item_From_ContentBrowser.ubulk" 430
"../../../Engine/Content/VREditor/Sounds/UI/Drop_Item_From_ContentBrowser.uasset" 431
"../../../Engine/Content/VREditor/Sounds/UI/Drop_Item_From_ContentBrowser.uexp" 432
"../../../Engine/Content/VREditor/TransformGizmo/PlaneTranslationHandle.ubulk" 433
"../../../Engine/Content/VREditor/TransformGizmo/PlaneTranslationHandle.uasset" 434
"../../../Engine/Content/VREditor/TransformGizmo/PlaneTranslationHandle.uexp" 435
"../../../Engine/Content/VREditor/Sounds/UI/Object_Snaps_To_Grid.ubulk" 436
"../../../Engine/Content/VREditor/Sounds/UI/Object_Snaps_To_Grid.uasset" 437
"../../../Engine/Content/VREditor/Sounds/UI/Object_Snaps_To_Grid.uexp" 438
"../../../Engine/Content/VREditor/Sounds/UI/Selection_Changes.ubulk" 439
"../../../Engine/Content/VREditor/Sounds/UI/Selection_Changes.uasset" 440
"../../../Engine/Content/VREditor/Sounds/UI/Selection_Changes.uexp" 441
"../../../Engine/Content/VREditor/Sounds/UI/Object_Snaps_To_Another_Actor.ubulk" 442
"../../../Engine/Content/VREditor/Sounds/UI/Object_Snaps_To_Another_Actor.uasset" 443
"../../../Engine/Content/VREditor/Sounds/UI/Object_Snaps_To_Another_Actor.uexp" 444
"../../../Engine/Content/VREditor/TransformGizmo/TranslucentTransformGizmoMaterial_Inst.uasset" 445
"../../../Engine/Content/VREditor/TransformGizmo/TranslucentTransformGizmoMaterial_Inst.uexp" 446
"../../../Engine/Content/VREditor/TransformGizmo/TransformGizmoFreeRotation.ubulk" 447
"../../../Engine/Content/VREditor/TransformGizmo/TransformGizmoFreeRotation.uasset" 448
"../../../Engine/Content/VREditor/TransformGizmo/TransformGizmoFreeRotation.uexp" 449
"../../../Engine/Content/VREditor/Sounds/UI/Scaling_Down.ubulk" 450
"../../../Engine/Content/VREditor/Sounds/UI/Scaling_Down.uasset" 451
"../../../Engine/Content/VREditor/Sounds/UI/Scaling_Down.uexp" 452
"../../../Engine/Content/Functions/Engine_MaterialFunctions02/Math/Transform3x3Matrix.uasset" 453
"../../../Engine/Content/Functions/Engine_MaterialFunctions02/Math/Transform3x3Matrix.uexp" 454
"../../../Engine/Content/Functions/Engine_MaterialFunctions02/SplitComponents.uasset" 455
"../../../Engine/Content/Functions/Engine_MaterialFunctions02/SplitComponents.uexp" 456
"../../../Engine/Content/Functions/Engine_MaterialFunctions02/Utility/MakeFloat3.uasset" 457
"../../../Engine/Content/Functions/Engine_MaterialFunctions02/Utility/MakeFloat3.uexp" 458
"../../../Engine/Content/VREditor/SnapGrid/SnapGridMaterial.uasset" 459
"../../../Engine/Content/VREditor/SnapGrid/SnapGridMaterial.uexp" 460
"../../../Engine/Content/VREditor/SnapGrid/SnapGridPlaneMesh.ubulk" 461
"../../../Engine/Content/VREditor/SnapGrid/SnapGridPlaneMesh.uasset" 462
"../../../Engine/Content/VREditor/SnapGrid/SnapGridPlaneMesh.uexp" 463
"../../../Engine/Content/VREditor/Sounds/UI/Scaling_Up.ubulk" 464
"../../../Engine/Content/VREditor/Sounds/UI/Scaling_Up.uasset" 465
"../../../Engine/Content/VREditor/Sounds/UI/Scaling_Up.uexp" 466
"../../../Engine/Content/VREditor/TransformGizmo/TransformGizmoMaterial_Inst.uasset" 467
"../../../Engine/Content/VREditor/TransformGizmo/TransformGizmoMaterial_Inst.uexp" 468
"../../../Engine/Content/VREditor/Sounds/UI/Gizmo_Handle_Clicked.ubulk" 469
"../../../Engine/Content/VREditor/Sounds/UI/Gizmo_Handle_Clicked.uasset" 470
"../../../Engine/Content/VREditor/Sounds/UI/Gizmo_Handle_Clicked.uexp" 471
"../../../Engine/Content/VREditor/TransformGizmo/RotationHandleQuarter.ubulk" 472
"../../../Engine/Content/VREditor/TransformGizmo/RotationHandleQuarter.uasset" 473
"../../../Engine/Content/VREditor/TransformGizmo/RotationHandleQuarter.uexp" 474
"../../../Engine/Content/VREditor/TransformGizmo/TranslateArrowHandle.ubulk" 475
"../../../Engine/Content/VREditor/TransformGizmo/TranslateArrowHandle.uasset" 476
"../../../Engine/Content/VREditor/TransformGizmo/TranslateArrowHandle.uexp" 477
"../../../Engine/Content/VREditor/TransformGizmo/RotationHandleIndicator.ubulk" 478
"../../../Engine/Content/VREditor/TransformGizmo/RotationHandleIndicator.uasset" 479
"../../../Engine/Content/VREditor/TransformGizmo/RotationHandleIndicator.uexp" 480
"../../../Engine/Content/VREditor/TransformGizmo/UniformScaleHandle.ubulk" 481
"../../../Engine/Content/VREditor/TransformGizmo/UniformScaleHandle.uasset" 482
"../../../Engine/Content/VREditor/TransformGizmo/UniformScaleHandle.uexp" 483
"../../../Engine/Content/VREditor/TransformGizmo/RotationHandleFull.ubulk" 484
"../../../Engine/Content/VREditor/TransformGizmo/RotationHandleFull.uasset" 485
"../../../Engine/Content/VREditor/TransformGizmo/RotationHandleFull.uexp" 486
"../../../Engine/Content/VREditor/Sounds/UI/Object_PickUp.ubulk" 487
"../../../Engine/Content/VREditor/Sounds/UI/Object_PickUp.uasset" 488
"../../../Engine/Content/VREditor/Sounds/UI/Object_PickUp.uexp" 489
"../../../Engine/Content/EngineSounds/Master.uasset" 490
"../../../Engine/Content/EngineSounds/Master.uexp" 491
"../../../Engine/Content/EngineResources/WhiteSquareTexture.uasset" 492
"../../../Engine/Content/EngineResources/WhiteSquareTexture.uexp" 493
"../../../Engine/Content/EngineMaterials/Widget3DPassThrough.uasset" 494
"../../../Engine/Content/EngineMaterials/Widget3DPassThrough.uexp" 495
"../../../Engine/Content/EngineMaterials/Widget3DPassThrough_Translucent.uasset" 496
"../../../Engine/Content/EngineMaterials/Widget3DPassThrough_Translucent.uexp" 497
"../../../Engine/Content/EngineMaterials/Widget3DPassThrough_Translucent_OneSided.uasset" 498
"../../../Engine/Content/EngineMaterials/Widget3DPassThrough_Translucent_OneSided.uexp" 499
"../../../Engine/Content/EngineMaterials/Widget3DPassThrough_Opaque.uasset" 500
"../../../Engine/Content/EngineMaterials/Widget3DPassThrough_Opaque.uexp" 501
"../../../Engine/Content/EngineMaterials/Widget3DPassThrough_Opaque_OneSided.uasset" 502
"../../../Engine/Content/EngineMaterials/Widget3DPassThrough_Opaque_OneSided.uexp" 503
"../../../Engine/Content/EngineMaterials/Widget3DPassThrough_Masked_OneSided.uasset" 504
"../../../Engine/Content/EngineMaterials/Widget3DPassThrough_Masked_OneSided.uexp" 505
"../../../Engine/Content/EngineMaterials/Widget3DPassThrough_Masked.uasset" 506
"../../../Engine/Content/EngineMaterials/Widget3DPassThrough_Masked.uexp" 507
"../../../Engine/Content/EngineMaterials/STBlueNoise_vec2_128x128x64.uasset" 508
"../../../Engine/Content/EngineMaterials/STBlueNoise_vec2_128x128x64.uexp" 509
"../../../Engine/Content/EngineMaterials/STBlueNoise_scalar_128x128x64.uasset" 510
"../../../Engine/Content/EngineMaterials/STBlueNoise_scalar_128x128x64.uexp" 511
"../../../Engine/Content/EngineMaterials/RemoveSurfaceMaterial.uasset" 512
"../../../Engine/Content/EngineMaterials/RemoveSurfaceMaterial.uexp" 513
"../../../Engine/Content/EngineMaterials/DefaultCalibrationGrayscale.uasset" 514
"../../../Engine/Content/EngineMaterials/DefaultCalibrationGrayscale.uexp" 515
"../../../Engine/Content/EngineMaterials/PPM_DefaultCalibrationGrayscale.uasset" 516
"../../../Engine/Content/EngineMaterials/PPM_DefaultCalibrationGrayscale.uexp" 517
"../../../Engine/Content/EngineMaterials/DefaultCalibrationColor.uasset" 518
"../../../Engine/Content/EngineMaterials/DefaultCalibrationColor.uexp" 519
"../../../Engine/Content/EngineMaterials/PPM_DefaultCalibrationColor.uasset" 520
"../../../Engine/Content/EngineMaterials/PPM_DefaultCalibrationColor.uexp" 521
"../../../Engine/Content/EngineMaterials/PhAT_JointLimitMaterial.uasset" 522
"../../../Engine/Content/EngineMaterials/PhAT_JointLimitMaterial.uexp" 523
"../../../Engine/Content/EngineMaterials/NaniteHiddenSectionMaterial.uasset" 524
"../../../Engine/Content/EngineMaterials/NaniteHiddenSectionMaterial.uexp" 525
"../../../Engine/Content/EngineMaterials/InvalidLightmapSettings.ubulk" 526
"../../../Engine/Content/EngineMaterials/InvalidLightmapSettings.uasset" 527
"../../../Engine/Content/EngineMaterials/InvalidLightmapSettings.uexp" 528
"../../../Engine/Content/EngineMaterials/M_InvalidLightmapSettings.uasset" 529
"../../../Engine/Content/EngineMaterials/M_InvalidLightmapSettings.uexp" 530
"../../../Engine/Content/EngineMaterials/GizmoMaterial.uasset" 531
"../../../Engine/Content/EngineMaterials/GizmoMaterial.uexp" 532
"../../../Engine/Content/EngineMaterials/BaseFlattenEmissiveMap_VT.uasset" 533
"../../../Engine/Content/EngineMaterials/BaseFlattenEmissiveMap_VT.uexp" 534
"../../../Engine/Content/EngineMaterials/BaseFlattenGrayscaleMap_VT.uasset" 535
"../../../Engine/Content/EngineMaterials/BaseFlattenGrayscaleMap_VT.uexp" 536
"../../../Engine/Content/EngineMaterials/BaseFlattenLinearColor_VT.uasset" 537
"../../../Engine/Content/EngineMaterials/BaseFlattenLinearColor_VT.uexp" 538
"../../../Engine/Content/EngineMaterials/Black_1x1_EXR_Texture_VT.uasset" 539
"../../../Engine/Content/EngineMaterials/Black_1x1_EXR_Texture_VT.uexp" 540
"../../../Engine/Content/EngineMaterials/BaseFlattenDiffuseMap_VT.uasset" 541
"../../../Engine/Content/EngineMaterials/BaseFlattenDiffuseMap_VT.uexp" 542
"../../../Engine/Content/EngineMaterials/BaseFlattenNormalMap_VT.uasset" 543
"../../../Engine/Content/EngineMaterials/BaseFlattenNormalMap_VT.uexp" 544
"../../../Engine/Content/EngineMaterials/FlattenMaterial_VT.uasset" 545
"../../../Engine/Content/EngineMaterials/FlattenMaterial_VT.uexp" 546
"../../../Engine/Content/EngineMaterials/BaseFlattenNormalMap.uasset" 547
"../../../Engine/Content/EngineMaterials/BaseFlattenNormalMap.uexp" 548
"../../../Engine/Content/EngineMaterials/BaseFlattenGrayscaleMap.uasset" 549
"../../../Engine/Content/EngineMaterials/BaseFlattenGrayscaleMap.uexp" 550
"../../../Engine/Content/EngineMaterials/BaseFlattenDiffuseMap.uasset" 551
"../../../Engine/Content/EngineMaterials/BaseFlattenDiffuseMap.uexp" 552
"../../../Engine/Content/Functions/Engine_MaterialFunctions02/PivotPainter2/Black_1x1_EXR_Texture.uasset" 553
"../../../Engine/Content/Functions/Engine_MaterialFunctions02/PivotPainter2/Black_1x1_EXR_Texture.uexp" 554
"../../../Engine/Content/EngineMaterials/BaseFlattenEmissiveMap.uasset" 555
"../../../Engine/Content/EngineMaterials/BaseFlattenEmissiveMap.uexp" 556
"../../../Engine/Content/EngineMaterials/BaseFlattenLinearColor.uasset" 557
"../../../Engine/Content/EngineMaterials/BaseFlattenLinearColor.uexp" 558
"../../../Engine/Content/EngineMaterials/FlattenMaterial.uasset" 559
"../../../Engine/Content/EngineMaterials/FlattenMaterial.uexp" 560
"../../../Engine/Content/EngineMaterials/DefaultWhiteGrid_Low.uasset" 561
"../../../Engine/Content/EngineMaterials/DefaultWhiteGrid_Low.uexp" 562
"../../../Engine/Content/EngineMaterials/EmissiveMeshMaterial.uasset" 563
"../../../Engine/Content/EngineMaterials/EmissiveMeshMaterial.uexp" 564
"../../../Engine/Content/EngineFonts/RobotoDistanceField.uasset" 565
"../../../Engine/Content/EngineFonts/RobotoDistanceField.uexp" 566
"../../../Engine/Content/EngineMaterials/DefaultTextMaterialOpaque.uasset" 567
"../../../Engine/Content/EngineMaterials/DefaultTextMaterialOpaque.uexp" 568
"../../../Engine/Content/EngineMaterials/DefaultDiffuse.ubulk" 569
"../../../Engine/Content/EngineMaterials/DefaultDiffuse.uasset" 570
"../../../Engine/Content/EngineMaterials/DefaultDiffuse.uexp" 571
"../../../Engine/Content/Functions/Engine_MaterialFunctions02/Utility/BreakOutFloat2Components.uasset" 572
"../../../Engine/Content/Functions/Engine_MaterialFunctions02/Utility/BreakOutFloat2Components.uexp" 573
"../../../Engine/Content/EngineMaterials/DefaultPostProcessMaterial.uasset" 574
"../../../Engine/Content/EngineMaterials/DefaultPostProcessMaterial.uexp" 575
"../../../Engine/Content/EngineMaterials/DefaultLightFunctionMaterial.uasset" 576
"../../../Engine/Content/EngineMaterials/DefaultLightFunctionMaterial.uexp" 577
"../../../Engine/Content/EngineMaterials/DefaultDestructiblePhysicalMaterial.uasset" 578
"../../../Engine/Content/EngineMaterials/DefaultDestructiblePhysicalMaterial.uexp" 579
"../../../Engine/Content/EngineMaterials/DefaultDeferredDecalMaterial.uasset" 580
"../../../Engine/Content/EngineMaterials/DefaultDeferredDecalMaterial.uexp" 581
"../../../Engine/Content/EngineMaterials/DefaultBloomKernel.uasset" 582
"../../../Engine/Content/EngineMaterials/DefaultBloomKernel.uexp" 583
"../../../Engine/Content/EngineFonts/Faces/RobotoLight.uexp" 584
"../../../Engine/Content/EngineFonts/Faces/RobotoLight.uasset" 585
"../../../Engine/Content/EngineFonts/Faces/RobotoLight.ufont" 586
"../../../Engine/Content/EngineFonts/Faces/RobotoBold.uexp" 587
"../../../Engine/Content/EngineFonts/Faces/RobotoBold.uasset" 588
"../../../Engine/Content/EngineFonts/Faces/RobotoBold.ufont" 589
"../../../Engine/Content/EngineFonts/Faces/RobotoRegular.uexp" 590
"../../../Engine/Content/EngineFonts/Faces/RobotoRegular.uasset" 591
"../../../Engine/Content/EngineFonts/Faces/RobotoRegular.ufont" 592
"../../../Engine/Content/EngineFonts/Faces/DroidSansFallback.uexp" 593
"../../../Engine/Content/EngineFonts/Faces/DroidSansFallback.uasset" 594
"../../../Engine/Content/EngineFonts/Faces/DroidSansFallback.ufont" 595
"../../../Engine/Content/EngineFonts/Faces/RobotoItalic.uexp" 596
"../../../Engine/Content/EngineFonts/Faces/RobotoItalic.uasset" 597
"../../../Engine/Content/EngineFonts/Faces/RobotoItalic.ufont" 598
"../../../Engine/Content/EngineFonts/Faces/RobotoBoldItalic.uexp" 599
"../../../Engine/Content/EngineFonts/Faces/RobotoBoldItalic.uasset" 600
"../../../Engine/Content/EngineFonts/Faces/RobotoBoldItalic.ufont" 601
"../../../Engine/Content/EngineFonts/Roboto.uasset" 602
"../../../Engine/Content/EngineFonts/Roboto.uexp" 603
"../../../Engine/Content/EngineDebugMaterials/VolumeToRender.uasset" 604
"../../../Engine/Content/EngineDebugMaterials/VolumeToRender.uexp" 605
"../../../Engine/Content/EngineDebugMaterials/M_VolumeRenderSphereTracePP.uasset" 606
"../../../Engine/Content/EngineDebugMaterials/M_VolumeRenderSphereTracePP.uexp" 607
"../../../Engine/Content/EngineDebugMaterials/M_SimpleUnlitTranslucent.uasset" 608
"../../../Engine/Content/EngineDebugMaterials/M_SimpleUnlitTranslucent.uexp" 609
"../../../Engine/Content/EngineDebugMaterials/DebugMeshMaterial.uasset" 610
"../../../Engine/Content/EngineDebugMaterials/DebugMeshMaterial.uexp" 611
"../../../Engine/Content/EngineDebugMaterials/DebugEditorMaterial.uasset" 612
"../../../Engine/Content/EngineDebugMaterials/DebugEditorMaterial.uexp" 613
"../../../Engine/Content/EngineDamageTypes/DmgTypeBP_Environmental.uasset" 614
"../../../Engine/Content/EngineDamageTypes/DmgTypeBP_Environmental.uexp" 615
"../../../Engine/Content/EditorResources/S_Terrain.ubulk" 616
"../../../Engine/Content/EditorResources/S_Terrain.uasset" 617
"../../../Engine/Content/EditorResources/S_Terrain.uexp" 618
"../../../Engine/Content/EditorResources/EmptyActor.uasset" 619
"../../../Engine/Content/EditorResources/EmptyActor.uexp" 620
"../../../Engine/Content/EditorResources/BSPVertex.uasset" 621
"../../../Engine/Content/EditorResources/BSPVertex.uexp" 622
"../../../Engine/Content/EditorMaterials/PreviewShadowIndicator.ubulk" 623
"../../../Engine/Content/EditorMaterials/PreviewShadowIndicator.uasset" 624
"../../../Engine/Content/EditorMaterials/PreviewShadowIndicator.uexp" 625
"../../../Engine/Content/EditorMaterials/PreviewShadowIndicatorMaterial.uasset" 626
"../../../Engine/Content/EditorMaterials/PreviewShadowIndicatorMaterial.uexp" 627
"../../../Engine/Content/EditorMaterials/PhAT_UnselectedMaterial.uasset" 628
"../../../Engine/Content/EditorMaterials/PhAT_UnselectedMaterial.uexp" 629
"../../../Engine/Content/EditorMaterials/PhAT_NoCollisionMaterial.uasset" 630
"../../../Engine/Content/EditorMaterials/PhAT_NoCollisionMaterial.uexp" 631
"../../../Engine/Content/EditorLandscapeResources/DefaultAlphaTexture.uasset" 632
"../../../Engine/Content/EditorLandscapeResources/DefaultAlphaTexture.uexp" 633
"../../../Engine/Content/EditorLandscapeResources/DataLayer.uasset" 634
"../../../Engine/Content/EditorLandscapeResources/DataLayer.uexp" 635
"../../../Engine/Content/EngineMaterials/DefaultMaterial.uasset" 636
"../../../Engine/Content/EngineMaterials/DefaultMaterial.uexp" 637
"../../../Engine/Content/BasicShapes/Sphere.ubulk" 638
"../../../Engine/Content/BasicShapes/Sphere.uasset" 639
"../../../Engine/Content/BasicShapes/Sphere.uexp" 640
"../../../Engine/Content/BasicShapes/Plane.ubulk" 641
"../../../Engine/Content/BasicShapes/Plane.uasset" 642
"../../../Engine/Content/BasicShapes/Plane.uexp" 643
"../../../Engine/Content/BasicShapes/Cylinder.ubulk" 644
"../../../Engine/Content/BasicShapes/Cylinder.uasset" 645
"../../../Engine/Content/BasicShapes/Cylinder.uexp" 646
"../../../Engine/Content/BasicShapes/Cube.ubulk" 647
"../../../Engine/Content/BasicShapes/Cube.uasset" 648
"../../../Engine/Content/BasicShapes/Cube.uexp" 649
"../../../Engine/Content/BasicShapes/Cone.ubulk" 650
"../../../Engine/Content/BasicShapes/Cone.uasset" 651
"../../../Engine/Content/BasicShapes/Cone.uexp" 652
"../../../Engine/Content/BasicShapes/BasicShapeMaterial.uasset" 653
"../../../Engine/Content/BasicShapes/BasicShapeMaterial.uexp" 654
"../../../Engine/Content/Animation/DefaultVariableFrameStrippingSettings.uasset" 655
"../../../Engine/Content/Animation/DefaultVariableFrameStrippingSettings.uexp" 656
"../../../Engine/Content/Animation/DefaultRecorderBoneCompression.uasset" 657
"../../../Engine/Content/Animation/DefaultRecorderBoneCompression.uexp" 658
"../../../Engine/Plugins/Interchange/Runtime/Content/gltf/MaterialFunctions/MF_RotateV2.uasset" 659
"../../../Engine/Plugins/Interchange/Runtime/Content/gltf/MaterialFunctions/MF_RotateV2.uexp" 660
"../../../Engine/Plugins/Interchange/Runtime/Content/gltf/MaterialFunctions/MF_TransformUVs.uasset" 661
"../../../Engine/Plugins/Interchange/Runtime/Content/gltf/MaterialFunctions/MF_TransformUVs.uexp" 662
"../../../Engine/Plugins/Interchange/Runtime/Content/gltf/Textures/T_White_srgb.uasset" 663
"../../../Engine/Plugins/Interchange/Runtime/Content/gltf/Textures/T_White_srgb.uexp" 664
"../../../Engine/Plugins/Interchange/Runtime/Content/gltf/MaterialFunctions/MF_BaseColor.uasset" 665
"../../../Engine/Plugins/Interchange/Runtime/Content/gltf/MaterialFunctions/MF_BaseColor.uexp" 666
"../../../Engine/Plugins/Interchange/Runtime/Content/gltf/MaterialBodies/MF_Unlit_Body.uasset" 667
"../../../Engine/Plugins/Interchange/Runtime/Content/gltf/MaterialBodies/MF_Unlit_Body.uexp" 668
"../../../Engine/Plugins/Interchange/Runtime/Content/gltf/M_Unlit.uasset" 669
"../../../Engine/Plugins/Interchange/Runtime/Content/gltf/M_Unlit.uexp" 670
"../../../Engine/Plugins/Interchange/Runtime/Content/gltf/MaterialInstances/MI_Unlit_Opaque_DS.uasset" 671
"../../../Engine/Plugins/Interchange/Runtime/Content/gltf/MaterialInstances/MI_Unlit_Opaque_DS.uexp" 672
"../../../Engine/Plugins/Interchange/Runtime/Content/gltf/MaterialInstances/MI_Unlit_Opaque.uasset" 673
"../../../Engine/Plugins/Interchange/Runtime/Content/gltf/MaterialInstances/MI_Unlit_Opaque.uexp" 674
"../../../Engine/Plugins/Interchange/Runtime/Content/gltf/MaterialInstances/MI_Unlit_Mask_DS.uasset" 675
"../../../Engine/Plugins/Interchange/Runtime/Content/gltf/MaterialInstances/MI_Unlit_Mask_DS.uexp" 676
"../../../Engine/Plugins/Interchange/Runtime/Content/gltf/MaterialInstances/MI_Unlit_Mask.uasset" 677
"../../../Engine/Plugins/Interchange/Runtime/Content/gltf/MaterialInstances/MI_Unlit_Mask.uexp" 678
"../../../Engine/Plugins/Interchange/Runtime/Content/gltf/MaterialInstances/MI_Unlit_Blend_DS.uasset" 679
"../../../Engine/Plugins/Interchange/Runtime/Content/gltf/MaterialInstances/MI_Unlit_Blend_DS.uexp" 680
"../../../Engine/Plugins/Interchange/Runtime/Content/gltf/MaterialInstances/MI_Unlit_Blend.uasset" 681
"../../../Engine/Plugins/Interchange/Runtime/Content/gltf/MaterialInstances/MI_Unlit_Blend.uexp" 682
"../../../Engine/Plugins/Interchange/Runtime/Content/gltf/MaterialFunctions/MF_Iridescence.uasset" 683
"../../../Engine/Plugins/Interchange/Runtime/Content/gltf/MaterialFunctions/MF_Iridescence.uexp" 684
"../../../Engine/Plugins/Interchange/Runtime/Content/gltf/Textures/T_White_Linear.uasset" 685
"../../../Engine/Plugins/Interchange/Runtime/Content/gltf/Textures/T_White_Linear.uexp" 686
"../../../Engine/Plugins/Interchange/Runtime/Content/gltf/MaterialFunctions/MF_MetallicRoughness.uasset" 687
"../../../Engine/Plugins/Interchange/Runtime/Content/gltf/MaterialFunctions/MF_MetallicRoughness.uexp" 688
"../../../Engine/Plugins/Interchange/Runtime/Content/gltf/MaterialFunctions/MF_Transmission.uasset" 689
"../../../Engine/Plugins/Interchange/Runtime/Content/gltf/MaterialFunctions/MF_Transmission.uexp" 690
"../../../Engine/Plugins/Interchange/Runtime/Content/gltf/MaterialFunctions/MF_Occlusion.uasset" 691
"../../../Engine/Plugins/Interchange/Runtime/Content/gltf/MaterialFunctions/MF_Occlusion.uexp" 692
"../../../Engine/Plugins/Interchange/Runtime/Content/gltf/MaterialFunctions/MF_Specular.uasset" 693
"../../../Engine/Plugins/Interchange/Runtime/Content/gltf/MaterialFunctions/MF_Specular.uexp" 694
"../../../Engine/Plugins/Interchange/Runtime/Content/gltf/MaterialFunctions/MF_IOR.uasset" 695
"../../../Engine/Plugins/Interchange/Runtime/Content/gltf/MaterialFunctions/MF_IOR.uexp" 696
"../../../Engine/Plugins/Interchange/Runtime/Content/gltf/MaterialFunctions/MF_RotateNormals_TS.uasset" 697
"../../../Engine/Plugins/Interchange/Runtime/Content/gltf/MaterialFunctions/MF_RotateNormals_TS.uexp" 698
"../../../Engine/Plugins/Interchange/Runtime/Content/gltf/Textures/T_Generic_N.uasset" 699
"../../../Engine/Plugins/Interchange/Runtime/Content/gltf/Textures/T_Generic_N.uexp" 700
"../../../Engine/Plugins/Interchange/Runtime/Content/gltf/MaterialFunctions/MF_Normals.uasset" 701
"../../../Engine/Plugins/Interchange/Runtime/Content/gltf/MaterialFunctions/MF_Normals.uexp" 702
"../../../Engine/Plugins/Interchange/Runtime/Content/gltf/MaterialBodies/MF_Transmission_Body.uasset" 703
"../../../Engine/Plugins/Interchange/Runtime/Content/gltf/MaterialBodies/MF_Transmission_Body.uexp" 704
"../../../Engine/Plugins/Interchange/Runtime/Content/gltf/M_Transmission.uasset" 705
"../../../Engine/Plugins/Interchange/Runtime/Content/gltf/M_Transmission.uexp" 706
"../../../Engine/Plugins/Interchange/Runtime/Content/gltf/MaterialInstances/MI_Transmission_DS.uasset" 707
"../../../Engine/Plugins/Interchange/Runtime/Content/gltf/MaterialInstances/MI_Transmission_DS.uexp" 708
"../../../Engine/Plugins/Interchange/Runtime/Content/gltf/MaterialInstances/MI_Transmission.uasset" 709
"../../../Engine/Plugins/Interchange/Runtime/Content/gltf/MaterialInstances/MI_Transmission.uexp" 710
"../../../Engine/Plugins/Interchange/Runtime/Content/gltf/MaterialFunctions/MF_DiffuseSpecGloss.uasset" 711
"../../../Engine/Plugins/Interchange/Runtime/Content/gltf/MaterialFunctions/MF_DiffuseSpecGloss.uexp" 712
"../../../Engine/Content/Functions/Engine_MaterialFunctions02/Math/AddComponents.uasset" 713
"../../../Engine/Content/Functions/Engine_MaterialFunctions02/Math/AddComponents.uexp" 714
"../../../Engine/Plugins/Interchange/Runtime/Content/gltf/MaterialFunctions/MF_PerceivedBrightness.uasset" 715
"../../../Engine/Plugins/Interchange/Runtime/Content/gltf/MaterialFunctions/MF_PerceivedBrightness.uexp" 716
"../../../Engine/Plugins/Interchange/Runtime/Content/gltf/MaterialFunctions/MF_Emissive.uasset" 717
"../../../Engine/Plugins/Interchange/Runtime/Content/gltf/MaterialFunctions/MF_Emissive.uexp" 718
"../../../Engine/Plugins/Interchange/Runtime/Content/gltf/MaterialFunctions/MF_SpecGlossToMetalRoughness.uasset" 719
"../../../Engine/Plugins/Interchange/Runtime/Content/gltf/MaterialFunctions/MF_SpecGlossToMetalRoughness.uexp" 720
"../../../Engine/Plugins/Interchange/Runtime/Content/gltf/MaterialBodies/MF_SpecularGlossiness_Body.uasset" 721
"../../../Engine/Plugins/Interchange/Runtime/Content/gltf/MaterialBodies/MF_SpecularGlossiness_Body.uexp" 722
"../../../Engine/Plugins/Interchange/Runtime/Content/gltf/M_SpecularGlossiness.uasset" 723
"../../../Engine/Plugins/Interchange/Runtime/Content/gltf/M_SpecularGlossiness.uexp" 724
"../../../Engine/Plugins/Interchange/Runtime/Content/gltf/MaterialInstances/MI_SpecularGlossiness_Opaque_DS.uasset" 725
"../../../Engine/Plugins/Interchange/Runtime/Content/gltf/MaterialInstances/MI_SpecularGlossiness_Opaque_DS.uexp" 726
"../../../Engine/Plugins/Interchange/Runtime/Content/gltf/MaterialInstances/MI_SpecularGlossiness_Opaque.uasset" 727
"../../../Engine/Plugins/Interchange/Runtime/Content/gltf/MaterialInstances/MI_SpecularGlossiness_Opaque.uexp" 728
"../../../Engine/Plugins/Interchange/Runtime/Content/gltf/MaterialInstances/MI_SpecularGlossiness_Mask_DS.uasset" 729
"../../../Engine/Plugins/Interchange/Runtime/Content/gltf/MaterialInstances/MI_SpecularGlossiness_Mask_DS.uexp" 730
"../../../Engine/Plugins/Interchange/Runtime/Content/gltf/MaterialInstances/MI_SpecularGlossiness_Mask.uasset" 731
"../../../Engine/Plugins/Interchange/Runtime/Content/gltf/MaterialInstances/MI_SpecularGlossiness_Mask.uexp" 732
"../../../Engine/Plugins/Interchange/Runtime/Content/gltf/MaterialInstances/MI_SpecularGlossiness_Blend_DS.uasset" 733
"../../../Engine/Plugins/Interchange/Runtime/Content/gltf/MaterialInstances/MI_SpecularGlossiness_Blend_DS.uexp" 734
"../../../Engine/Plugins/Interchange/Runtime/Content/gltf/MaterialInstances/MI_SpecularGlossiness_Blend.uasset" 735
"../../../Engine/Plugins/Interchange/Runtime/Content/gltf/MaterialInstances/MI_SpecularGlossiness_Blend.uexp" 736
"../../../Engine/Plugins/Interchange/Runtime/Content/gltf/MaterialFunctions/MF_Sheen.uasset" 737
"../../../Engine/Plugins/Interchange/Runtime/Content/gltf/MaterialFunctions/MF_Sheen.uexp" 738
"../../../Engine/Plugins/Interchange/Runtime/Content/gltf/MaterialBodies/MF_Sheen_Body.uasset" 739
"../../../Engine/Plugins/Interchange/Runtime/Content/gltf/MaterialBodies/MF_Sheen_Body.uexp" 740
"../../../Engine/Plugins/Interchange/Runtime/Content/gltf/M_Sheen.uasset" 741
"../../../Engine/Plugins/Interchange/Runtime/Content/gltf/M_Sheen.uexp" 742
"../../../Engine/Plugins/Interchange/Runtime/Content/gltf/MaterialInstances/MI_Sheen_Opaque_DS.uasset" 743
"../../../Engine/Plugins/Interchange/Runtime/Content/gltf/MaterialInstances/MI_Sheen_Opaque_DS.uexp" 744
"../../../Engine/Plugins/Interchange/Runtime/Content/gltf/MaterialInstances/MI_Sheen_Opaque.uasset" 745
"../../../Engine/Plugins/Interchange/Runtime/Content/gltf/MaterialInstances/MI_Sheen_Opaque.uexp" 746
"../../../Engine/Plugins/Interchange/Runtime/Content/gltf/MaterialInstances/MI_Sheen_Mask_DS.uasset" 747
"../../../Engine/Plugins/Interchange/Runtime/Content/gltf/MaterialInstances/MI_Sheen_Mask_DS.uexp" 748
"../../../Engine/Plugins/Interchange/Runtime/Content/gltf/MaterialInstances/MI_Sheen_Mask.uasset" 749
"../../../Engine/Plugins/Interchange/Runtime/Content/gltf/MaterialInstances/MI_Sheen_Mask.uexp" 750
"../../../Engine/Plugins/Interchange/Runtime/Content/gltf/MaterialInstances/MI_Sheen_Blend_DS.uasset" 751
"../../../Engine/Plugins/Interchange/Runtime/Content/gltf/MaterialInstances/MI_Sheen_Blend_DS.uexp" 752
"../../../Engine/Plugins/Interchange/Runtime/Content/gltf/MaterialInstances/MI_Sheen_Blend.uasset" 753
"../../../Engine/Plugins/Interchange/Runtime/Content/gltf/MaterialInstances/MI_Sheen_Blend.uexp" 754
"../../../Engine/Plugins/Interchange/Runtime/Content/gltf/MaterialBodies/MF_Default_Body.uasset" 755
"../../../Engine/Plugins/Interchange/Runtime/Content/gltf/MaterialBodies/MF_Default_Body.uexp" 756
"../../../Engine/Plugins/Interchange/Runtime/Content/gltf/M_Default.uasset" 757
"../../../Engine/Plugins/Interchange/Runtime/Content/gltf/M_Default.uexp" 758
"../../../Engine/Plugins/Interchange/Runtime/Content/gltf/MaterialInstances/MI_Default_Opaque_DS.uasset" 759
"../../../Engine/Plugins/Interchange/Runtime/Content/gltf/MaterialInstances/MI_Default_Opaque_DS.uexp" 760
"../../../Engine/Plugins/Interchange/Runtime/Content/gltf/MaterialInstances/MI_Default_Opaque.uasset" 761
"../../../Engine/Plugins/Interchange/Runtime/Content/gltf/MaterialInstances/MI_Default_Opaque.uexp" 762
"../../../Engine/Plugins/Interchange/Runtime/Content/gltf/MaterialInstances/MI_Default_Mask_DS.uasset" 763
"../../../Engine/Plugins/Interchange/Runtime/Content/gltf/MaterialInstances/MI_Default_Mask_DS.uexp" 764
"../../../Engine/Plugins/Interchange/Runtime/Content/gltf/MaterialInstances/MI_Default_Mask.uasset" 765
"../../../Engine/Plugins/Interchange/Runtime/Content/gltf/MaterialInstances/MI_Default_Mask.uexp" 766
"../../../Engine/Plugins/Interchange/Runtime/Content/gltf/MaterialInstances/MI_Default_Blend_DS.uasset" 767
"../../../Engine/Plugins/Interchange/Runtime/Content/gltf/MaterialInstances/MI_Default_Blend_DS.uexp" 768
"../../../Engine/Plugins/Interchange/Runtime/Content/gltf/MaterialInstances/MI_Default_Blend.uasset" 769
"../../../Engine/Plugins/Interchange/Runtime/Content/gltf/MaterialInstances/MI_Default_Blend.uexp" 770
"../../../Engine/Content/Functions/Engine_MaterialFunctions01/Texturing/FlattenNormal.uasset" 771
"../../../Engine/Content/Functions/Engine_MaterialFunctions01/Texturing/FlattenNormal.uexp" 772
"../../../Engine/Plugins/Interchange/Runtime/Content/gltf/MaterialFunctions/MF_Clearcoat.uasset" 773
"../../../Engine/Plugins/Interchange/Runtime/Content/gltf/MaterialFunctions/MF_Clearcoat.uexp" 774
"../../../Engine/Plugins/Interchange/Runtime/Content/gltf/MaterialBodies/MF_ClearCoat_Body.uasset" 775
"../../../Engine/Plugins/Interchange/Runtime/Content/gltf/MaterialBodies/MF_ClearCoat_Body.uexp" 776
"../../../Engine/Plugins/Interchange/Runtime/Content/gltf/M_ClearCoat.uasset" 777
"../../../Engine/Plugins/Interchange/Runtime/Content/gltf/M_ClearCoat.uexp" 778
"../../../Engine/Plugins/Interchange/Runtime/Content/gltf/MaterialInstances/MI_ClearCoat_Opaque_DS.uasset" 779
"../../../Engine/Plugins/Interchange/Runtime/Content/gltf/MaterialInstances/MI_ClearCoat_Opaque_DS.uexp" 780
"../../../Engine/Plugins/Interchange/Runtime/Content/gltf/MaterialInstances/MI_ClearCoat_Opaque.uasset" 781
"../../../Engine/Plugins/Interchange/Runtime/Content/gltf/MaterialInstances/MI_ClearCoat_Opaque.uexp" 782
"../../../Engine/Plugins/Interchange/Runtime/Content/gltf/MaterialInstances/MI_ClearCoat_Mask_DS.uasset" 783
"../../../Engine/Plugins/Interchange/Runtime/Content/gltf/MaterialInstances/MI_ClearCoat_Mask_DS.uexp" 784
"../../../Engine/Plugins/Interchange/Runtime/Content/gltf/MaterialInstances/MI_ClearCoat_Mask.uasset" 785
"../../../Engine/Plugins/Interchange/Runtime/Content/gltf/MaterialInstances/MI_ClearCoat_Mask.uexp" 786
"../../../Engine/Plugins/Interchange/Runtime/Content/gltf/MaterialInstances/MI_ClearCoat_Blend_DS.uasset" 787
"../../../Engine/Plugins/Interchange/Runtime/Content/gltf/MaterialInstances/MI_ClearCoat_Blend_DS.uexp" 788
"../../../Engine/Plugins/Interchange/Runtime/Content/gltf/MaterialInstances/MI_ClearCoat_Blend.uasset" 789
"../../../Engine/Plugins/Interchange/Runtime/Content/gltf/MaterialInstances/MI_ClearCoat_Blend.uexp" 790
"../../../Engine/Content/MobileResources/HUD/VirtualJoystick_Background.uasset" 791
"../../../Engine/Content/MobileResources/HUD/VirtualJoystick_Background.uexp" 792
"../../../Engine/Content/MobileResources/HUD/VirtualJoystick_Thumb.uasset" 793
"../../../Engine/Content/MobileResources/HUD/VirtualJoystick_Thumb.uexp" 794
"../../../Engine/Content/MobileResources/HUD/DefaultVirtualJoysticks.uasset" 795
"../../../Engine/Content/MobileResources/HUD/DefaultVirtualJoysticks.uexp" 796
"../../../Engine/Content/EngineSky/VolumetricClouds/CloudWeatherTexture.uasset" 797
"../../../Engine/Content/EngineSky/VolumetricClouds/CloudWeatherTexture.uexp" 798
"../../../Engine/Content/Functions/Engine_MaterialFunctions02/Utility/MakeFloat2.uasset" 799
"../../../Engine/Content/Functions/Engine_MaterialFunctions02/Utility/MakeFloat2.uexp" 800
"../../../Engine/Content/EngineSky/VolumetricClouds/CloudGradientTexture.uasset" 801
"../../../Engine/Content/EngineSky/VolumetricClouds/CloudGradientTexture.uexp" 802
"../../../Engine/Content/EngineSky/VolumetricClouds/T_NoiseShape64.ubulk" 803
"../../../Engine/Content/EngineSky/VolumetricClouds/T_NoiseShape64.uasset" 804
"../../../Engine/Content/EngineSky/VolumetricClouds/T_NoiseShape64.uexp" 805
"../../../Engine/Content/EngineSky/VolumetricClouds/T_VolumeNoiseShape64.uasset" 806
"../../../Engine/Content/EngineSky/VolumetricClouds/T_VolumeNoiseShape64.uexp" 807
"../../../Engine/Content/EngineSky/VolumetricClouds/T_NoiseErosion.ubulk" 808
"../../../Engine/Content/EngineSky/VolumetricClouds/T_NoiseErosion.uasset" 809
"../../../Engine/Content/EngineSky/VolumetricClouds/T_NoiseErosion.uexp" 810
"../../../Engine/Content/EngineSky/VolumetricClouds/T_VolumeNoiseErosion32.uasset" 811
"../../../Engine/Content/EngineSky/VolumetricClouds/T_VolumeNoiseErosion32.uexp" 812
"../../../Engine/Content/EngineSky/VolumetricClouds/m_SimpleVolumetricCloud.uasset" 813
"../../../Engine/Content/EngineSky/VolumetricClouds/m_SimpleVolumetricCloud.uexp" 814
"../../../Engine/Content/EngineSky/VolumetricClouds/m_SimpleVolumetricCloud_Inst.uasset" 815
"../../../Engine/Content/EngineSky/VolumetricClouds/m_SimpleVolumetricCloud_Inst.uexp" 816
"../../../Engine/Content/EngineResources/FilmGrains/Marcie_Grain_v3_128_M2_000.uasset" 817
"../../../Engine/Content/EngineResources/FilmGrains/Marcie_Grain_v3_128_M2_000.uexp" 818
"../../../Engine/Content/EditorResources/SequenceRecorder/RecordingIndicator.uasset" 819
"../../../Engine/Content/EditorResources/SequenceRecorder/RecordingIndicator.uexp" 820
"../../../Engine/Content/EditorResources/SequenceRecorder/Countdown.uasset" 821
"../../../Engine/Content/EditorResources/SequenceRecorder/Countdown.uexp" 822
"../../../Engine/Content/EditorMaterials/Dataflow/DataflowVertexMaterial.uasset" 823
"../../../Engine/Content/EditorMaterials/Dataflow/DataflowVertexMaterial.uexp" 824
"../../../Engine/Content/Functions/Engine_MaterialFunctions01/Shading/PowerToRoughness.uasset" 825
"../../../Engine/Content/Functions/Engine_MaterialFunctions01/Shading/PowerToRoughness.uexp" 826
"../../../Engine/Content/Functions/Engine_MaterialFunctions01/Shading/ConvertFromDiffSpec.uasset" 827
"../../../Engine/Content/Functions/Engine_MaterialFunctions01/Shading/ConvertFromDiffSpec.uexp" 828
"../../../Engine/Content/EngineMaterials/Substrate/Volume/SubstrateSimpleVolumeLUT3D.uasset" 829
"../../../Engine/Content/EngineMaterials/Substrate/Volume/SubstrateSimpleVolumeLUT3D.uexp" 830
"../../../Engine/Content/EngineMaterials/Substrate/Volume/SubstrateSimpleVolumeEnvLUT3D.uasset" 831
"../../../Engine/Content/EngineMaterials/Substrate/Volume/SubstrateSimpleVolumeEnvLUT3D.uexp" 832
"../../../Engine/Content/EngineMaterials/Substrate/GLints2/AGlintTex2dArray2.uasset" 833
"../../../Engine/Content/EngineMaterials/Substrate/GLints2/AGlintTex2dArray2.uexp" 834
"../../../Engine/Content/EngineMaterials/Substrate/GLints/AGlintTex2dArray.uasset" 835
"../../../Engine/Content/EngineMaterials/Substrate/GLints/AGlintTex2dArray.uexp" 836
"../../../Engine/Content/EngineMaterials/FlattenMaterial_WS_Normal_VT.uasset" 837
"../../../Engine/Content/EngineMaterials/FlattenMaterial_WS_Normal_VT.uexp" 838
"../../../Engine/Content/EngineMaterials/DefaultPhysicalMaterial.uasset" 839
"../../../Engine/Content/EngineMaterials/DefaultPhysicalMaterial.uexp" 840
"../../../Engine/Content/EngineMaterials/BlendFunc_DefBlend.uasset" 841
"../../../Engine/Content/EngineMaterials/BlendFunc_DefBlend.uexp" 842
"../../../Engine/Content/OpenWorldTemplate/LandscapeMaterial/T_GridChecker_A.ubulk" 843
"../../../Engine/Content/OpenWorldTemplate/LandscapeMaterial/T_GridChecker_A.uasset" 844
"../../../Engine/Content/OpenWorldTemplate/LandscapeMaterial/T_GridChecker_A.uexp" 845
"../../../Engine/Content/EngineMaterials/BlendFunc_DefBase.uasset" 846
"../../../Engine/Content/EngineMaterials/BlendFunc_DefBase.uexp" 847
"../../../Engine/Content/Functions/Engine_MaterialFunctions03/Blends/Blend_Overlay.uasset" 848
"../../../Engine/Content/Functions/Engine_MaterialFunctions03/Blends/Blend_Overlay.uexp" 849
"../../../Engine/Content/Functions/Engine_MaterialFunctions01/Gradient/LinearGradient.uasset" 850
"../../../Engine/Content/Functions/Engine_MaterialFunctions01/Gradient/LinearGradient.uexp" 851
"../../../Engine/Content/Functions/Engine_MaterialFunctions01/ImageAdjustment/CheapContrast.uasset" 852
"../../../Engine/Content/Functions/Engine_MaterialFunctions01/ImageAdjustment/CheapContrast.uexp" 853
"../../../Engine/Content/OpenWorldTemplate/LandscapeMaterial/MF_ProcGrid.uasset" 854
"../../../Engine/Content/OpenWorldTemplate/LandscapeMaterial/MF_ProcGrid.uexp" 855
"../../../Engine/Content/OpenWorldTemplate/LandscapeMaterial/M_ProcGrid.uasset" 856
"../../../Engine/Content/OpenWorldTemplate/LandscapeMaterial/M_ProcGrid.uexp" 857
"../../../Engine/Content/EngineSky/T_Sky_Stars.ubulk" 858
"../../../Engine/Content/EngineSky/T_Sky_Stars.uasset" 859
"../../../Engine/Content/EngineSky/T_Sky_Stars.uexp" 860
"../../../Engine/Content/EngineSky/T_Sky_Clouds_M.ubulk" 861
"../../../Engine/Content/EngineSky/T_Sky_Clouds_M.uasset" 862
"../../../Engine/Content/EngineSky/T_Sky_Clouds_M.uexp" 863
"../../../Engine/Content/EngineSky/T_Sky_Blue.ubulk" 864
"../../../Engine/Content/EngineSky/T_Sky_Blue.uasset" 865
"../../../Engine/Content/EngineSky/T_Sky_Blue.uexp" 866
"../../../Engine/Content/EngineSky/M_Sky_Panning_Clouds2.uasset" 867
"../../../Engine/Content/EngineSky/M_Sky_Panning_Clouds2.uexp" 868
"../../../Engine/Content/EngineSky/SM_SkySphere.ubulk" 869
"../../../Engine/Content/EngineSky/SM_SkySphere.uasset" 870
"../../../Engine/Content/EngineSky/SM_SkySphere.uexp" 871
"../../../Engine/Content/EngineSky/M_SimpleSkyDome.uasset" 872
"../../../Engine/Content/EngineSky/M_SimpleSkyDome.uexp" 873
"../../../Engine/Content/EditorResources/BadBlueprintSprite.ubulk" 874
"../../../Engine/Content/EditorResources/BadBlueprintSprite.uasset" 875
"../../../Engine/Content/EditorResources/BadBlueprintSprite.uexp" 876
"D:/Programming/Unreal Engine Projects/DinoParkProject/Content/UI/MenuGameMode.uasset" 877
"D:/Programming/Unreal Engine Projects/DinoParkProject/Content/UI/MenuGameMode.uexp" 878
"D:/Programming/Unreal Engine Projects/DinoParkProject/Content/UI/Images/MainMenuBG1.uasset" 879
"D:/Programming/Unreal Engine Projects/DinoParkProject/Content/UI/Images/MainMenuBG1.uexp" 880
"D:/Programming/Unreal Engine Projects/DinoParkProject/Content/UI/MainMenu.uasset" 881
"D:/Programming/Unreal Engine Projects/DinoParkProject/Content/UI/MainMenu.uexp" 882
"D:/Programming/Unreal Engine Projects/DinoParkProject/Content/Levels/MainMenuMap.uexp" 883
"D:/Programming/Unreal Engine Projects/DinoParkProject/Content/Levels/MainMenuMap.umap" 884
"../../../Engine/Content/Maps/Entry_BuiltData.uasset" 885
"../../../Engine/Content/Maps/Entry_BuiltData.uexp" 886
"../../../Engine/Content/Maps/Entry.uexp" 887
"../../../Engine/Content/Maps/Entry.umap" 888
"../../../Engine/Content/Maps/Templates/OpenWorld.uexp" 889
"../../../Engine/Content/Maps/Templates/OpenWorld.ubulk" 890
"../../../Engine/Content/Maps/Templates/OpenWorld.umap" 891
"../../../Engine/Content/Maps/Templates/OpenWorld/_Generated_/BU79R5ICZNIOLRTMBDRZYRWZK.uexp" 892
"../../../Engine/Content/Maps/Templates/OpenWorld/_Generated_/BU79R5ICZNIOLRTMBDRZYRWZK.ubulk" 893
"../../../Engine/Content/Maps/Templates/OpenWorld/_Generated_/BU79R5ICZNIOLRTMBDRZYRWZK.umap" 894
"../../../Engine/Content/Maps/Templates/OpenWorld/_Generated_/8WDYS8GYI2DG2H3P3VADEQGD6.uexp" 895
"../../../Engine/Content/Maps/Templates/OpenWorld/_Generated_/8WDYS8GYI2DG2H3P3VADEQGD6.ubulk" 896
"../../../Engine/Content/Maps/Templates/OpenWorld/_Generated_/8WDYS8GYI2DG2H3P3VADEQGD6.umap" 897
"../../../Engine/Content/Maps/Templates/OpenWorld/_Generated_/4K0IKS52C419Z1TF75UX95IHU.uexp" 898
"../../../Engine/Content/Maps/Templates/OpenWorld/_Generated_/4K0IKS52C419Z1TF75UX95IHU.ubulk" 899
"../../../Engine/Content/Maps/Templates/OpenWorld/_Generated_/4K0IKS52C419Z1TF75UX95IHU.umap" 900
"../../../Engine/Content/Maps/Templates/OpenWorld/_Generated_/2FJOUB50GBIAHQ5DORBAIMR4Z.uexp" 901
"../../../Engine/Content/Maps/Templates/OpenWorld/_Generated_/2FJOUB50GBIAHQ5DORBAIMR4Z.ubulk" 902
"../../../Engine/Content/Maps/Templates/OpenWorld/_Generated_/2FJOUB50GBIAHQ5DORBAIMR4Z.umap" 903
"../../../Engine/Content/Maps/Templates/OpenWorld/_Generated_/DKN8FLVQNAOGW8VWOF6DFB8F7.uexp" 904
"../../../Engine/Content/Maps/Templates/OpenWorld/_Generated_/DKN8FLVQNAOGW8VWOF6DFB8F7.ubulk" 905
"../../../Engine/Content/Maps/Templates/OpenWorld/_Generated_/DKN8FLVQNAOGW8VWOF6DFB8F7.umap" 906
"../../../Engine/Content/Maps/Templates/OpenWorld/_Generated_/9CJMRZ3WTHCZ2FTTGWGSTSBYI.uexp" 907
"../../../Engine/Content/Maps/Templates/OpenWorld/_Generated_/9CJMRZ3WTHCZ2FTTGWGSTSBYI.ubulk" 908
"../../../Engine/Content/Maps/Templates/OpenWorld/_Generated_/9CJMRZ3WTHCZ2FTTGWGSTSBYI.umap" 909
"../../../Engine/Content/Maps/Templates/OpenWorld/_Generated_/9U2GPCOG9OELA0I561KACI92H.uexp" 910
"../../../Engine/Content/Maps/Templates/OpenWorld/_Generated_/9U2GPCOG9OELA0I561KACI92H.ubulk" 911
"../../../Engine/Content/Maps/Templates/OpenWorld/_Generated_/9U2GPCOG9OELA0I561KACI92H.umap" 912
"../../../Engine/Content/Maps/Templates/OpenWorld/_Generated_/91YZ6UH98RCWUEICWJC1SL80S.uexp" 913
"../../../Engine/Content/Maps/Templates/OpenWorld/_Generated_/91YZ6UH98RCWUEICWJC1SL80S.ubulk" 914
"../../../Engine/Content/Maps/Templates/OpenWorld/_Generated_/91YZ6UH98RCWUEICWJC1SL80S.umap" 915
"../../../Engine/Content/Maps/Templates/OpenWorld/_Generated_/7GR89S6WSJY3FU2VCEN2S9006.uexp" 916
"../../../Engine/Content/Maps/Templates/OpenWorld/_Generated_/7GR89S6WSJY3FU2VCEN2S9006.ubulk" 917
"../../../Engine/Content/Maps/Templates/OpenWorld/_Generated_/7GR89S6WSJY3FU2VCEN2S9006.umap" 918
"../../../Engine/Content/Maps/Templates/OpenWorld/_Generated_/AI1G75W5U8LEHXWDJCRUY9600.uexp" 919
"../../../Engine/Content/Maps/Templates/OpenWorld/_Generated_/AI1G75W5U8LEHXWDJCRUY9600.ubulk" 920
"../../../Engine/Content/Maps/Templates/OpenWorld/_Generated_/AI1G75W5U8LEHXWDJCRUY9600.umap" 921
"../../../Engine/Content/Maps/Templates/OpenWorld/_Generated_/DP961RENIA8UQWHJF43LS78YG.uexp" 922
"../../../Engine/Content/Maps/Templates/OpenWorld/_Generated_/DP961RENIA8UQWHJF43LS78YG.ubulk" 923
"../../../Engine/Content/Maps/Templates/OpenWorld/_Generated_/DP961RENIA8UQWHJF43LS78YG.umap" 924
"../../../Engine/Content/Maps/Templates/OpenWorld/_Generated_/2DHRS7J5NZMGVG0M9TZ784H5S.uexp" 925
"../../../Engine/Content/Maps/Templates/OpenWorld/_Generated_/2DHRS7J5NZMGVG0M9TZ784H5S.ubulk" 926
"../../../Engine/Content/Maps/Templates/OpenWorld/_Generated_/2DHRS7J5NZMGVG0M9TZ784H5S.umap" 927
"../../../Engine/Content/Maps/Templates/OpenWorld/_Generated_/4YEGOFLNF8OE9AA6FV8E4PTYX.uexp" 928
"../../../Engine/Content/Maps/Templates/OpenWorld/_Generated_/4YEGOFLNF8OE9AA6FV8E4PTYX.ubulk" 929
"../../../Engine/Content/Maps/Templates/OpenWorld/_Generated_/4YEGOFLNF8OE9AA6FV8E4PTYX.umap" 930
"../../../Engine/Content/Maps/Templates/OpenWorld/_Generated_/612B6KCIR7O8D1L7410DPSAXB.uexp" 931
"../../../Engine/Content/Maps/Templates/OpenWorld/_Generated_/612B6KCIR7O8D1L7410DPSAXB.ubulk" 932
"../../../Engine/Content/Maps/Templates/OpenWorld/_Generated_/612B6KCIR7O8D1L7410DPSAXB.umap" 933
"../../../Engine/Content/Maps/Templates/OpenWorld/_Generated_/0G7BZ0AVOC3FVZCBFGJ60HUQU.uexp" 934
"../../../Engine/Content/Maps/Templates/OpenWorld/_Generated_/0G7BZ0AVOC3FVZCBFGJ60HUQU.ubulk" 935
"../../../Engine/Content/Maps/Templates/OpenWorld/_Generated_/0G7BZ0AVOC3FVZCBFGJ60HUQU.umap" 936
"../../../Engine/Content/Maps/Templates/OpenWorld/_Generated_/934KIFKXXK1HGA2IF9UGXWW5T.uexp" 937
"../../../Engine/Content/Maps/Templates/OpenWorld/_Generated_/934KIFKXXK1HGA2IF9UGXWW5T.ubulk" 938
"../../../Engine/Content/Maps/Templates/OpenWorld/_Generated_/934KIFKXXK1HGA2IF9UGXWW5T.umap" 939
"../../../Engine/Content/Maps/Templates/OpenWorld/_Generated_/7968NEJERJ8LXIHRP9S15XV5Q.uexp" 940
"../../../Engine/Content/Maps/Templates/OpenWorld/_Generated_/7968NEJERJ8LXIHRP9S15XV5Q.ubulk" 941
"../../../Engine/Content/Maps/Templates/OpenWorld/_Generated_/7968NEJERJ8LXIHRP9S15XV5Q.umap" 942
"../../../Engine/Content/Maps/Templates/OpenWorld/_Generated_/5S78YEUP9H3OBZOFVJB1CA7AL.uexp" 943
"../../../Engine/Content/Maps/Templates/OpenWorld/_Generated_/5S78YEUP9H3OBZOFVJB1CA7AL.ubulk" 944
"../../../Engine/Content/Maps/Templates/OpenWorld/_Generated_/5S78YEUP9H3OBZOFVJB1CA7AL.umap" 945
"../../../Engine/Content/Maps/Templates/OpenWorld/_Generated_/A8W6LA5PW9CFQU5BYPNL5D6LD.uexp" 946
"../../../Engine/Content/Maps/Templates/OpenWorld/_Generated_/A8W6LA5PW9CFQU5BYPNL5D6LD.ubulk" 947
"../../../Engine/Content/Maps/Templates/OpenWorld/_Generated_/A8W6LA5PW9CFQU5BYPNL5D6LD.umap" 948
"../../../Engine/Content/Maps/Templates/OpenWorld/_Generated_/33WUTP8AAMGGMJB18ON16006N.uexp" 949
"../../../Engine/Content/Maps/Templates/OpenWorld/_Generated_/33WUTP8AAMGGMJB18ON16006N.ubulk" 950
"../../../Engine/Content/Maps/Templates/OpenWorld/_Generated_/33WUTP8AAMGGMJB18ON16006N.umap" 951
"../../../Engine/Content/Maps/Templates/OpenWorld/_Generated_/EIUDJYOTYKPRF2P93P2F2I5QO.uexp" 952
"../../../Engine/Content/Maps/Templates/OpenWorld/_Generated_/EIUDJYOTYKPRF2P93P2F2I5QO.ubulk" 953
"../../../Engine/Content/Maps/Templates/OpenWorld/_Generated_/EIUDJYOTYKPRF2P93P2F2I5QO.umap" 954
"../../../Engine/Content/Maps/Templates/OpenWorld/_Generated_/C1JRJ8BIQ0WB6KPNTSBWTV206.uexp" 955
"../../../Engine/Content/Maps/Templates/OpenWorld/_Generated_/C1JRJ8BIQ0WB6KPNTSBWTV206.ubulk" 956
"../../../Engine/Content/Maps/Templates/OpenWorld/_Generated_/C1JRJ8BIQ0WB6KPNTSBWTV206.umap" 957
"../../../Engine/Content/Maps/Templates/OpenWorld/_Generated_/11BHGZGWJ5PK00GJCLSCJ8B61.uexp" 958
"../../../Engine/Content/Maps/Templates/OpenWorld/_Generated_/11BHGZGWJ5PK00GJCLSCJ8B61.ubulk" 959
"../../../Engine/Content/Maps/Templates/OpenWorld/_Generated_/11BHGZGWJ5PK00GJCLSCJ8B61.umap" 960
"../../../Engine/Content/Maps/Templates/OpenWorld/_Generated_/1MO2OANC4SXHHIM5EFVC52XR1.uexp" 961
"../../../Engine/Content/Maps/Templates/OpenWorld/_Generated_/1MO2OANC4SXHHIM5EFVC52XR1.ubulk" 962
"../../../Engine/Content/Maps/Templates/OpenWorld/_Generated_/1MO2OANC4SXHHIM5EFVC52XR1.umap" 963
"../../../Engine/Content/Maps/Templates/OpenWorld/_Generated_/7V2I7GI0EYBUC832DOIPWKA2A.uexp" 964
"../../../Engine/Content/Maps/Templates/OpenWorld/_Generated_/7V2I7GI0EYBUC832DOIPWKA2A.ubulk" 965
"../../../Engine/Content/Maps/Templates/OpenWorld/_Generated_/7V2I7GI0EYBUC832DOIPWKA2A.umap" 966
"../../../Engine/Content/Maps/Templates/OpenWorld/_Generated_/8TW0XYITJ4VCCQCXFZEQ6ZUTN.uexp" 967
"../../../Engine/Content/Maps/Templates/OpenWorld/_Generated_/8TW0XYITJ4VCCQCXFZEQ6ZUTN.ubulk" 968
"../../../Engine/Content/Maps/Templates/OpenWorld/_Generated_/8TW0XYITJ4VCCQCXFZEQ6ZUTN.umap" 969
"../../../Engine/Content/Maps/Templates/OpenWorld/_Generated_/8FVKUTSTV673WMLCWMET6P72H.uexp" 970
"../../../Engine/Content/Maps/Templates/OpenWorld/_Generated_/8FVKUTSTV673WMLCWMET6P72H.ubulk" 971
"../../../Engine/Content/Maps/Templates/OpenWorld/_Generated_/8FVKUTSTV673WMLCWMET6P72H.umap" 972
"../../../Engine/Content/Maps/Templates/OpenWorld/_Generated_/967DI1A9UD8DWRC0VO76T0PMS.uexp" 973
"../../../Engine/Content/Maps/Templates/OpenWorld/_Generated_/967DI1A9UD8DWRC0VO76T0PMS.ubulk" 974
"../../../Engine/Content/Maps/Templates/OpenWorld/_Generated_/967DI1A9UD8DWRC0VO76T0PMS.umap" 975
"../../../Engine/Content/Maps/Templates/OpenWorld/_Generated_/DB95BAX9VA3FMBURYAZVIZSW7.uexp" 976
"../../../Engine/Content/Maps/Templates/OpenWorld/_Generated_/DB95BAX9VA3FMBURYAZVIZSW7.ubulk" 977
"../../../Engine/Content/Maps/Templates/OpenWorld/_Generated_/DB95BAX9VA3FMBURYAZVIZSW7.umap" 978
"../../../Engine/Content/Maps/Templates/OpenWorld/_Generated_/BJU9Y1NWGCDUWPPVFJWA7O9M2.uexp" 979
"../../../Engine/Content/Maps/Templates/OpenWorld/_Generated_/BJU9Y1NWGCDUWPPVFJWA7O9M2.ubulk" 980
"../../../Engine/Content/Maps/Templates/OpenWorld/_Generated_/BJU9Y1NWGCDUWPPVFJWA7O9M2.umap" 981
"../../../Engine/Content/Maps/Templates/OpenWorld/_Generated_/56ZVOJSILUBKMPF5F1LS9N5I6.uexp" 982
"../../../Engine/Content/Maps/Templates/OpenWorld/_Generated_/56ZVOJSILUBKMPF5F1LS9N5I6.ubulk" 983
"../../../Engine/Content/Maps/Templates/OpenWorld/_Generated_/56ZVOJSILUBKMPF5F1LS9N5I6.umap" 984
"../../../Engine/Content/Maps/Templates/OpenWorld/_Generated_/AFWCQIHPU4IN3G15KL9L9MJ8X.uexp" 985
"../../../Engine/Content/Maps/Templates/OpenWorld/_Generated_/AFWCQIHPU4IN3G15KL9L9MJ8X.ubulk" 986
"../../../Engine/Content/Maps/Templates/OpenWorld/_Generated_/AFWCQIHPU4IN3G15KL9L9MJ8X.umap" 987
"../../../Engine/Content/Maps/Templates/OpenWorld/_Generated_/2MLEDZCWL1GZ4AROALMBHAOJQ.uexp" 988
"../../../Engine/Content/Maps/Templates/OpenWorld/_Generated_/2MLEDZCWL1GZ4AROALMBHAOJQ.ubulk" 989
"../../../Engine/Content/Maps/Templates/OpenWorld/_Generated_/2MLEDZCWL1GZ4AROALMBHAOJQ.umap" 990
"../../../Engine/Content/Maps/Templates/OpenWorld/_Generated_/14C4SJ62H17PKF8M74JIL3XHR.uexp" 991
"../../../Engine/Content/Maps/Templates/OpenWorld/_Generated_/14C4SJ62H17PKF8M74JIL3XHR.ubulk" 992
"../../../Engine/Content/Maps/Templates/OpenWorld/_Generated_/14C4SJ62H17PKF8M74JIL3XHR.umap" 993
"../../../Engine/Content/Maps/Templates/OpenWorld/_Generated_/97VXPZI6YYGLVIIR9GT5JSAZI.uexp" 994
"../../../Engine/Content/Maps/Templates/OpenWorld/_Generated_/97VXPZI6YYGLVIIR9GT5JSAZI.ubulk" 995
"../../../Engine/Content/Maps/Templates/OpenWorld/_Generated_/97VXPZI6YYGLVIIR9GT5JSAZI.umap" 996
"../../../Engine/Content/Maps/Templates/OpenWorld/_Generated_/0UE64F003XPDY2LMR6CDKNB3E.uexp" 997
"../../../Engine/Content/Maps/Templates/OpenWorld/_Generated_/0UE64F003XPDY2LMR6CDKNB3E.ubulk" 998
"../../../Engine/Content/Maps/Templates/OpenWorld/_Generated_/0UE64F003XPDY2LMR6CDKNB3E.umap" 999
"../../../Engine/Content/Maps/Templates/OpenWorld/_Generated_/15PUVP98C5M3K4XZAMCQPB73T.uexp" 1000
"../../../Engine/Content/Maps/Templates/OpenWorld/_Generated_/15PUVP98C5M3K4XZAMCQPB73T.ubulk" 1001
"../../../Engine/Content/Maps/Templates/OpenWorld/_Generated_/15PUVP98C5M3K4XZAMCQPB73T.umap" 1002
"../../../Engine/Content/Maps/Templates/OpenWorld/_Generated_/E4R5H0A1UDBTHHM8CPM0G2PHF.uexp" 1003
"../../../Engine/Content/Maps/Templates/OpenWorld/_Generated_/E4R5H0A1UDBTHHM8CPM0G2PHF.ubulk" 1004
"../../../Engine/Content/Maps/Templates/OpenWorld/_Generated_/E4R5H0A1UDBTHHM8CPM0G2PHF.umap" 1005
"../../../Engine/Content/Maps/Templates/OpenWorld/_Generated_/AUFYT5FNM7U0DH94TX2EQU86C.uexp" 1006
"../../../Engine/Content/Maps/Templates/OpenWorld/_Generated_/AUFYT5FNM7U0DH94TX2EQU86C.ubulk" 1007
"../../../Engine/Content/Maps/Templates/OpenWorld/_Generated_/AUFYT5FNM7U0DH94TX2EQU86C.umap" 1008
"../../../Engine/Content/Maps/Templates/OpenWorld/_Generated_/03CBAIJSUDBT6NPN6R9EVOGNQ.uexp" 1009
"../../../Engine/Content/Maps/Templates/OpenWorld/_Generated_/03CBAIJSUDBT6NPN6R9EVOGNQ.ubulk" 1010
"../../../Engine/Content/Maps/Templates/OpenWorld/_Generated_/03CBAIJSUDBT6NPN6R9EVOGNQ.umap" 1011
"../../../Engine/Content/Maps/Templates/OpenWorld/_Generated_/1JP6WU2C2GZUA04DU94LONZ3Z.uexp" 1012
"../../../Engine/Content/Maps/Templates/OpenWorld/_Generated_/1JP6WU2C2GZUA04DU94LONZ3Z.ubulk" 1013
"../../../Engine/Content/Maps/Templates/OpenWorld/_Generated_/1JP6WU2C2GZUA04DU94LONZ3Z.umap" 1014
"../../../Engine/Content/Maps/Templates/OpenWorld/_Generated_/4FEQOS4QUMSTI2614Y5XT21EV.uexp" 1015
"../../../Engine/Content/Maps/Templates/OpenWorld/_Generated_/4FEQOS4QUMSTI2614Y5XT21EV.ubulk" 1016
"../../../Engine/Content/Maps/Templates/OpenWorld/_Generated_/4FEQOS4QUMSTI2614Y5XT21EV.umap" 1017
"../../../Engine/Content/Maps/Templates/OpenWorld/_Generated_/4O62Z7PNEBR3379MG9QZS4JL0.uexp" 1018
"../../../Engine/Content/Maps/Templates/OpenWorld/_Generated_/4O62Z7PNEBR3379MG9QZS4JL0.ubulk" 1019
"../../../Engine/Content/Maps/Templates/OpenWorld/_Generated_/4O62Z7PNEBR3379MG9QZS4JL0.umap" 1020
"../../../Engine/Content/Maps/Templates/OpenWorld/_Generated_/CX5U2I1LD32JOW189TJ3MQMSN.uexp" 1021
"../../../Engine/Content/Maps/Templates/OpenWorld/_Generated_/CX5U2I1LD32JOW189TJ3MQMSN.ubulk" 1022
"../../../Engine/Content/Maps/Templates/OpenWorld/_Generated_/CX5U2I1LD32JOW189TJ3MQMSN.umap" 1023
"../../../Engine/Content/Maps/Templates/OpenWorld/_Generated_/EHBSPV85V30HXRUCRMMWIRQ36.uexp" 1024
"../../../Engine/Content/Maps/Templates/OpenWorld/_Generated_/EHBSPV85V30HXRUCRMMWIRQ36.ubulk" 1025
"../../../Engine/Content/Maps/Templates/OpenWorld/_Generated_/EHBSPV85V30HXRUCRMMWIRQ36.umap" 1026
"../../../Engine/Content/Maps/Templates/OpenWorld/_Generated_/3F1NNV8MVR6N0AELV7MGT64SA.uexp" 1027
"../../../Engine/Content/Maps/Templates/OpenWorld/_Generated_/3F1NNV8MVR6N0AELV7MGT64SA.ubulk" 1028
"../../../Engine/Content/Maps/Templates/OpenWorld/_Generated_/3F1NNV8MVR6N0AELV7MGT64SA.umap" 1029
"../../../Engine/Content/Maps/Templates/OpenWorld/_Generated_/6VA0MCE01TXOIEESXKEO8O517.uexp" 1030
"../../../Engine/Content/Maps/Templates/OpenWorld/_Generated_/6VA0MCE01TXOIEESXKEO8O517.ubulk" 1031
"../../../Engine/Content/Maps/Templates/OpenWorld/_Generated_/6VA0MCE01TXOIEESXKEO8O517.umap" 1032
"../../../Engine/Content/Maps/Templates/OpenWorld/_Generated_/9QE3LPI64TM4VPO9RLNT5K80Q.uexp" 1033
"../../../Engine/Content/Maps/Templates/OpenWorld/_Generated_/9QE3LPI64TM4VPO9RLNT5K80Q.ubulk" 1034
"../../../Engine/Content/Maps/Templates/OpenWorld/_Generated_/9QE3LPI64TM4VPO9RLNT5K80Q.umap" 1035
"../../../Engine/Content/Maps/Templates/OpenWorld/_Generated_/3BALNNF3DWWJUMTM3C2QBSBDH.uexp" 1036
"../../../Engine/Content/Maps/Templates/OpenWorld/_Generated_/3BALNNF3DWWJUMTM3C2QBSBDH.ubulk" 1037
"../../../Engine/Content/Maps/Templates/OpenWorld/_Generated_/3BALNNF3DWWJUMTM3C2QBSBDH.umap" 1038
"../../../Engine/Content/Maps/Templates/OpenWorld/_Generated_/4OI8ERRWPY40LPJMUE022TQDQ.uexp" 1039
"../../../Engine/Content/Maps/Templates/OpenWorld/_Generated_/4OI8ERRWPY40LPJMUE022TQDQ.ubulk" 1040
"../../../Engine/Content/Maps/Templates/OpenWorld/_Generated_/4OI8ERRWPY40LPJMUE022TQDQ.umap" 1041
"../../../Engine/Content/Maps/Templates/OpenWorld/_Generated_/4J4RYJP33IY1BTOA04NZJRIWG.uexp" 1042
"../../../Engine/Content/Maps/Templates/OpenWorld/_Generated_/4J4RYJP33IY1BTOA04NZJRIWG.ubulk" 1043
"../../../Engine/Content/Maps/Templates/OpenWorld/_Generated_/4J4RYJP33IY1BTOA04NZJRIWG.umap" 1044
"../../../Engine/Content/Maps/Templates/OpenWorld/_Generated_/4XIT50UG25GP2YF151W2HUSK4.uexp" 1045
"../../../Engine/Content/Maps/Templates/OpenWorld/_Generated_/4XIT50UG25GP2YF151W2HUSK4.ubulk" 1046
"../../../Engine/Content/Maps/Templates/OpenWorld/_Generated_/4XIT50UG25GP2YF151W2HUSK4.umap" 1047
"../../../Engine/Content/Maps/Templates/OpenWorld/_Generated_/AUR8ZKGW938IR1RZ4QR702TY0.uexp" 1048
"../../../Engine/Content/Maps/Templates/OpenWorld/_Generated_/AUR8ZKGW938IR1RZ4QR702TY0.ubulk" 1049
"../../../Engine/Content/Maps/Templates/OpenWorld/_Generated_/AUR8ZKGW938IR1RZ4QR702TY0.umap" 1050
"../../../Engine/Content/Maps/Templates/OpenWorld/_Generated_/2FZJHJZSM20RN2LKC21XCSJ6U.uexp" 1051
"../../../Engine/Content/Maps/Templates/OpenWorld/_Generated_/2FZJHJZSM20RN2LKC21XCSJ6U.ubulk" 1052
"../../../Engine/Content/Maps/Templates/OpenWorld/_Generated_/2FZJHJZSM20RN2LKC21XCSJ6U.umap" 1053
"../../../Engine/Content/Maps/Templates/OpenWorld/_Generated_/AMBFSY9X5PO8DISRAWLM44RNL.uexp" 1054
"../../../Engine/Content/Maps/Templates/OpenWorld/_Generated_/AMBFSY9X5PO8DISRAWLM44RNL.ubulk" 1055
"../../../Engine/Content/Maps/Templates/OpenWorld/_Generated_/AMBFSY9X5PO8DISRAWLM44RNL.umap" 1056
"../../../Engine/Content/Maps/Templates/OpenWorld/_Generated_/D1AL1W32LVCB7IFT0Q5MC6175.uexp" 1057
"../../../Engine/Content/Maps/Templates/OpenWorld/_Generated_/D1AL1W32LVCB7IFT0Q5MC6175.ubulk" 1058
"../../../Engine/Content/Maps/Templates/OpenWorld/_Generated_/D1AL1W32LVCB7IFT0Q5MC6175.umap" 1059
"../../../Engine/Content/Maps/Templates/OpenWorld/_Generated_/5BC0YDXHDRGE8600U6YD13EOC.uexp" 1060
"../../../Engine/Content/Maps/Templates/OpenWorld/_Generated_/5BC0YDXHDRGE8600U6YD13EOC.ubulk" 1061
"../../../Engine/Content/Maps/Templates/OpenWorld/_Generated_/5BC0YDXHDRGE8600U6YD13EOC.umap" 1062
"../../../Engine/Content/Maps/Templates/OpenWorld/_Generated_/DXM3CZ58TJWU0FRAMHFWN8RVL.uexp" 1063
"../../../Engine/Content/Maps/Templates/OpenWorld/_Generated_/DXM3CZ58TJWU0FRAMHFWN8RVL.ubulk" 1064
"../../../Engine/Content/Maps/Templates/OpenWorld/_Generated_/DXM3CZ58TJWU0FRAMHFWN8RVL.umap" 1065
"../../../Engine/Content/Maps/Templates/OpenWorld/_Generated_/3N52C0Z96KK79YKX5ADIT8I65.uexp" 1066
"../../../Engine/Content/Maps/Templates/OpenWorld/_Generated_/3N52C0Z96KK79YKX5ADIT8I65.ubulk" 1067
"../../../Engine/Content/Maps/Templates/OpenWorld/_Generated_/3N52C0Z96KK79YKX5ADIT8I65.umap" 1068
"../../../Engine/Content/Maps/Templates/OpenWorld/_Generated_/6NAN6QOVS9GGB4L73MDLRH3SJ.uexp" 1069
"../../../Engine/Content/Maps/Templates/OpenWorld/_Generated_/6NAN6QOVS9GGB4L73MDLRH3SJ.ubulk" 1070
"../../../Engine/Content/Maps/Templates/OpenWorld/_Generated_/6NAN6QOVS9GGB4L73MDLRH3SJ.umap" 1071
"../../../Engine/Content/Maps/Templates/OpenWorld/_Generated_/BUSV4KIM4ZQM1VA80PD8IM4I6.uexp" 1072
"../../../Engine/Content/Maps/Templates/OpenWorld/_Generated_/BUSV4KIM4ZQM1VA80PD8IM4I6.ubulk" 1073
"../../../Engine/Content/Maps/Templates/OpenWorld/_Generated_/BUSV4KIM4ZQM1VA80PD8IM4I6.umap" 1074
"../../../Engine/Content/Maps/Templates/OpenWorld/_Generated_/49LOO7O6WOIPXHY04H6EH3SRO.uexp" 1075
"../../../Engine/Content/Maps/Templates/OpenWorld/_Generated_/49LOO7O6WOIPXHY04H6EH3SRO.ubulk" 1076
"../../../Engine/Content/Maps/Templates/OpenWorld/_Generated_/49LOO7O6WOIPXHY04H6EH3SRO.umap" 1077
"../../../Engine/Content/Maps/Templates/OpenWorld/_Generated_/8Z8YOCSR7LTZ0H9RI4M5085BC.uexp" 1078
"../../../Engine/Content/Maps/Templates/OpenWorld/_Generated_/8Z8YOCSR7LTZ0H9RI4M5085BC.ubulk" 1079
"../../../Engine/Content/Maps/Templates/OpenWorld/_Generated_/8Z8YOCSR7LTZ0H9RI4M5085BC.umap" 1080
"../../../Engine/Content/Maps/Templates/OpenWorld/_Generated_/7D4589H5TPGQ3EUIJAWN7DBOY.uexp" 1081
"../../../Engine/Content/Maps/Templates/OpenWorld/_Generated_/7D4589H5TPGQ3EUIJAWN7DBOY.ubulk" 1082
"../../../Engine/Content/Maps/Templates/OpenWorld/_Generated_/7D4589H5TPGQ3EUIJAWN7DBOY.umap" 1083
